2019-04-29 16:50:09,712 INFO org.springframework.boot.StartupInfoLogger [restartedMain] Starting BurgerBuilderApplication on Margad with PID 5628 (E:\Development\eclipse-workspace\burger-builder\target\classes started by Margad-Erdene in E:\Development\eclipse-workspace\burger-builder)
2019-04-29 16:50:09,724 DEBUG org.springframework.boot.StartupInfoLogger [restartedMain] Running with Spring Boot v2.1.3.RELEASE, Spring v5.1.5.RELEASE
2019-04-29 16:50:09,726 INFO org.springframework.boot.SpringApplication [restartedMain] No active profile set, falling back to default profiles: default
2019-04-29 16:50:26,799 DEBUG org.springframework.web.filter.GenericFilterBean [restartedMain] Filter 'jwtAuthenticationFilter' configured for use
2019-04-29 16:50:32,737 INFO org.springframework.boot.StartupInfoLogger [restartedMain] Started BurgerBuilderApplication in 24.688 seconds (JVM running for 29.097)
2019-04-29 16:50:53,172 INFO com.burger.controller.UserController [http-nio-8443-exec-2] Register Request User(id=null, username=margad@gmail.com, firstname=margad-erdene, password=Golomt123, confirmPassword=Golomt123, createdAt=null, updatedAt=null, order=[], roles=null)
2019-04-29 16:51:08,518 INFO com.burger.controller.UserController [http-nio-8443-exec-4] Login Request LoginRequest(username=margad@gmail.com, password=Golomt123)
2019-04-29 17:29:47,233 INFO org.springframework.boot.StartupInfoLogger [restartedMain] Starting BurgerBuilderApplication on Margad with PID 2500 (E:\Development\eclipse-workspace\burger-builder\target\classes started by Margad-Erdene in E:\Development\eclipse-workspace\burger-builder)
2019-04-29 17:29:47,243 DEBUG org.springframework.boot.StartupInfoLogger [restartedMain] Running with Spring Boot v2.1.3.RELEASE, Spring v5.1.5.RELEASE
2019-04-29 17:29:47,245 INFO org.springframework.boot.SpringApplication [restartedMain] No active profile set, falling back to default profiles: default
2019-04-29 17:54:19,816 INFO org.springframework.boot.StartupInfoLogger [restartedMain] Starting BurgerBuilderApplication on Margad with PID 5856 (E:\Development\eclipse-workspace\burger-builder\target\classes started by Margad-Erdene in E:\Development\eclipse-workspace\burger-builder)
2019-04-29 17:54:19,824 DEBUG org.springframework.boot.StartupInfoLogger [restartedMain] Running with Spring Boot v2.1.3.RELEASE, Spring v5.1.5.RELEASE
2019-04-29 17:54:19,826 INFO org.springframework.boot.SpringApplication [restartedMain] No active profile set, falling back to default profiles: default
2019-04-29 17:54:35,436 DEBUG org.springframework.web.filter.GenericFilterBean [restartedMain] Filter 'jwtAuthenticationFilter' configured for use
2019-04-29 17:54:40,334 INFO org.springframework.boot.StartupInfoLogger [restartedMain] Started BurgerBuilderApplication in 21.386 seconds (JVM running for 23.933)
2019-04-29 17:55:15,002 INFO com.burger.controller.UserController [http-nio-8443-exec-2] Register Request User(id=null, username=margad@gmail.com, firstname=margad-erdene, password=Golomt123, confirmPassword=Golomt123, createdAt=null, updatedAt=null, order=[], roles=null)
2019-04-29 17:55:22,890 INFO com.burger.controller.UserController [http-nio-8443-exec-4] Login Request LoginRequest(username=margad@gmail.com, password=Golomt123)
2019-04-29 17:58:10,536 INFO org.springframework.boot.StartupInfoLogger [restartedMain] Starting BurgerBuilderApplication on Margad with PID 4048 (E:\Development\eclipse-workspace\burger-builder\target\classes started by Margad-Erdene in E:\Development\eclipse-workspace\burger-builder)
2019-04-29 17:58:10,545 DEBUG org.springframework.boot.StartupInfoLogger [restartedMain] Running with Spring Boot v2.1.3.RELEASE, Spring v5.1.5.RELEASE
2019-04-29 17:58:10,547 INFO org.springframework.boot.SpringApplication [restartedMain] No active profile set, falling back to default profiles: default
2019-04-29 17:58:27,516 DEBUG org.springframework.web.filter.GenericFilterBean [restartedMain] Filter 'jwtAuthenticationFilter' configured for use
2019-04-29 17:58:30,389 INFO org.springframework.boot.StartupInfoLogger [restartedMain] Started BurgerBuilderApplication in 20.734 seconds (JVM running for 22.994)
2019-04-29 17:59:26,657 INFO com.burger.controller.UserController [http-nio-8443-exec-3] Register Request User(id=null, username=margad@gmail.com, firstname=margad-erdene, password=Golomt123, confirmPassword=Golomt123, createdAt=null, updatedAt=null, order=[], roles=null)
2019-04-29 17:59:31,616 INFO com.burger.controller.UserController [http-nio-8443-exec-4] Login Request LoginRequest(username=margad@gmail.com, password=Golomt123)
2019-04-29 18:05:13,933 INFO org.springframework.boot.StartupInfoLogger [restartedMain] Starting BurgerBuilderApplication on Margad with PID 3360 (E:\Development\eclipse-workspace\burger-builder\target\classes started by Margad-Erdene in E:\Development\eclipse-workspace\burger-builder)
2019-04-29 18:05:13,948 DEBUG org.springframework.boot.StartupInfoLogger [restartedMain] Running with Spring Boot v2.1.3.RELEASE, Spring v5.1.5.RELEASE
2019-04-29 18:05:13,950 INFO org.springframework.boot.SpringApplication [restartedMain] No active profile set, falling back to default profiles: default
2019-04-29 18:07:36,845 INFO org.springframework.boot.StartupInfoLogger [restartedMain] Starting BurgerBuilderApplication on Margad with PID 1632 (E:\Development\eclipse-workspace\burger-builder\target\classes started by Margad-Erdene in E:\Development\eclipse-workspace\burger-builder)
2019-04-29 18:07:36,863 DEBUG org.springframework.boot.StartupInfoLogger [restartedMain] Running with Spring Boot v2.1.3.RELEASE, Spring v5.1.5.RELEASE
2019-04-29 18:07:36,865 INFO org.springframework.boot.SpringApplication [restartedMain] No active profile set, falling back to default profiles: default
2019-04-29 18:23:17,892 INFO org.springframework.boot.StartupInfoLogger [restartedMain] Starting BurgerBuilderApplication on Margad with PID 3120 (E:\Development\eclipse-workspace\burger-builder\target\classes started by Margad-Erdene in E:\Development\eclipse-workspace\burger-builder)
2019-04-29 18:23:17,901 DEBUG org.springframework.boot.StartupInfoLogger [restartedMain] Running with Spring Boot v2.1.3.RELEASE, Spring v5.1.5.RELEASE
2019-04-29 18:23:17,903 INFO org.springframework.boot.SpringApplication [restartedMain] No active profile set, falling back to default profiles: default
2019-04-29 18:25:59,548 INFO org.springframework.boot.StartupInfoLogger [restartedMain] Starting BurgerBuilderApplication on Margad with PID 5656 (E:\Development\eclipse-workspace\burger-builder\target\classes started by Margad-Erdene in E:\Development\eclipse-workspace\burger-builder)
2019-04-29 18:25:59,564 DEBUG org.springframework.boot.StartupInfoLogger [restartedMain] Running with Spring Boot v2.1.3.RELEASE, Spring v5.1.5.RELEASE
2019-04-29 18:25:59,567 INFO org.springframework.boot.SpringApplication [restartedMain] No active profile set, falling back to default profiles: default
2019-04-29 18:31:23,176 INFO org.springframework.boot.StartupInfoLogger [restartedMain] Starting BurgerBuilderApplication on Margad with PID 2640 (E:\Development\eclipse-workspace\burger-builder\target\classes started by Margad-Erdene in E:\Development\eclipse-workspace\burger-builder)
2019-04-29 18:31:23,183 DEBUG org.springframework.boot.StartupInfoLogger [restartedMain] Running with Spring Boot v2.1.3.RELEASE, Spring v5.1.5.RELEASE
2019-04-29 18:31:23,185 INFO org.springframework.boot.SpringApplication [restartedMain] No active profile set, falling back to default profiles: default
2019-04-29 18:38:12,825 INFO org.springframework.boot.StartupInfoLogger [restartedMain] Starting BurgerBuilderApplication on Margad with PID 416 (E:\Development\eclipse-workspace\burger-builder\target\classes started by Margad-Erdene in E:\Development\eclipse-workspace\burger-builder)
2019-04-29 18:38:12,835 DEBUG org.springframework.boot.StartupInfoLogger [restartedMain] Running with Spring Boot v2.1.3.RELEASE, Spring v5.1.5.RELEASE
2019-04-29 18:38:12,837 INFO org.springframework.boot.SpringApplication [restartedMain] No active profile set, falling back to default profiles: default
2019-04-29 19:09:12,146 INFO org.springframework.boot.StartupInfoLogger [restartedMain] Starting BurgerBuilderApplication on Margad with PID 1044 (E:\Development\eclipse-workspace\burger-builder\target\classes started by Margad-Erdene in E:\Development\eclipse-workspace\burger-builder)
2019-04-29 19:09:12,180 DEBUG org.springframework.boot.StartupInfoLogger [restartedMain] Running with Spring Boot v2.1.3.RELEASE, Spring v5.1.5.RELEASE
2019-04-29 19:09:12,183 INFO org.springframework.boot.SpringApplication [restartedMain] No active profile set, falling back to default profiles: default
2019-04-29 19:13:05,631 INFO org.springframework.boot.StartupInfoLogger [restartedMain] Starting BurgerBuilderApplication on Margad with PID 5400 (E:\Development\eclipse-workspace\burger-builder\target\classes started by Margad-Erdene in E:\Development\eclipse-workspace\burger-builder)
2019-04-29 19:13:05,640 DEBUG org.springframework.boot.StartupInfoLogger [restartedMain] Running with Spring Boot v2.1.3.RELEASE, Spring v5.1.5.RELEASE
2019-04-29 19:13:05,642 INFO org.springframework.boot.SpringApplication [restartedMain] No active profile set, falling back to default profiles: default
2019-04-29 19:13:22,245 DEBUG org.springframework.web.filter.GenericFilterBean [restartedMain] Filter 'jwtAuthenticationFilter' configured for use
2019-04-29 19:14:17,514 INFO org.springframework.boot.StartupInfoLogger [restartedMain] Starting BurgerBuilderApplication on Margad with PID 2344 (E:\Development\eclipse-workspace\burger-builder\target\classes started by Margad-Erdene in E:\Development\eclipse-workspace\burger-builder)
2019-04-29 19:14:17,524 DEBUG org.springframework.boot.StartupInfoLogger [restartedMain] Running with Spring Boot v2.1.3.RELEASE, Spring v5.1.5.RELEASE
2019-04-29 19:14:17,527 INFO org.springframework.boot.SpringApplication [restartedMain] No active profile set, falling back to default profiles: default
2019-04-29 19:14:31,326 DEBUG org.springframework.web.filter.GenericFilterBean [restartedMain] Filter 'jwtAuthenticationFilter' configured for use
2019-04-29 19:18:15,194 INFO org.springframework.boot.StartupInfoLogger [restartedMain] Starting BurgerBuilderApplication on Margad with PID 5888 (E:\Development\eclipse-workspace\burger-builder\target\classes started by Margad-Erdene in E:\Development\eclipse-workspace\burger-builder)
2019-04-29 19:18:15,210 DEBUG org.springframework.boot.StartupInfoLogger [restartedMain] Running with Spring Boot v2.1.3.RELEASE, Spring v5.1.5.RELEASE
2019-04-29 19:18:15,213 INFO org.springframework.boot.SpringApplication [restartedMain] No active profile set, falling back to default profiles: default
2019-04-29 19:18:31,373 DEBUG org.springframework.web.filter.GenericFilterBean [restartedMain] Filter 'jwtAuthenticationFilter' configured for use
2019-04-29 19:19:33,557 INFO org.springframework.boot.StartupInfoLogger [restartedMain] Starting BurgerBuilderApplication on Margad with PID 1504 (E:\Development\eclipse-workspace\burger-builder\target\classes started by Margad-Erdene in E:\Development\eclipse-workspace\burger-builder)
2019-04-29 19:19:33,563 DEBUG org.springframework.boot.StartupInfoLogger [restartedMain] Running with Spring Boot v2.1.3.RELEASE, Spring v5.1.5.RELEASE
2019-04-29 19:19:33,565 INFO org.springframework.boot.SpringApplication [restartedMain] No active profile set, falling back to default profiles: default
2019-04-29 19:19:43,756 DEBUG org.springframework.web.filter.GenericFilterBean [restartedMain] Filter 'jwtAuthenticationFilter' configured for use
2019-04-29 19:22:53,704 INFO org.springframework.boot.StartupInfoLogger [restartedMain] Starting BurgerBuilderApplication on Margad with PID 5752 (E:\Development\eclipse-workspace\burger-builder\target\classes started by Margad-Erdene in E:\Development\eclipse-workspace\burger-builder)
2019-04-29 19:22:53,712 DEBUG org.springframework.boot.StartupInfoLogger [restartedMain] Running with Spring Boot v2.1.3.RELEASE, Spring v5.1.5.RELEASE
2019-04-29 19:22:53,714 INFO org.springframework.boot.SpringApplication [restartedMain] No active profile set, falling back to default profiles: default
2019-04-29 19:23:03,360 DEBUG org.springframework.web.filter.GenericFilterBean [restartedMain] Filter 'jwtAuthenticationFilter' configured for use
2019-04-29 19:23:38,182 INFO org.springframework.boot.StartupInfoLogger [restartedMain] Starting BurgerBuilderApplication on Margad with PID 3856 (E:\Development\eclipse-workspace\burger-builder\target\classes started by Margad-Erdene in E:\Development\eclipse-workspace\burger-builder)
2019-04-29 19:23:38,190 DEBUG org.springframework.boot.StartupInfoLogger [restartedMain] Running with Spring Boot v2.1.3.RELEASE, Spring v5.1.5.RELEASE
2019-04-29 19:23:38,192 INFO org.springframework.boot.SpringApplication [restartedMain] No active profile set, falling back to default profiles: default
2019-04-29 19:23:46,796 DEBUG org.springframework.web.filter.GenericFilterBean [restartedMain] Filter 'jwtAuthenticationFilter' configured for use
2019-04-29 19:29:48,901 INFO org.springframework.boot.StartupInfoLogger [restartedMain] Starting BurgerBuilderApplication on Margad with PID 4236 (E:\Development\eclipse-workspace\burger-builder\target\classes started by Margad-Erdene in E:\Development\eclipse-workspace\burger-builder)
2019-04-29 19:29:48,911 DEBUG org.springframework.boot.StartupInfoLogger [restartedMain] Running with Spring Boot v2.1.3.RELEASE, Spring v5.1.5.RELEASE
2019-04-29 19:29:48,915 INFO org.springframework.boot.SpringApplication [restartedMain] No active profile set, falling back to default profiles: default
2019-04-29 19:31:24,650 INFO org.springframework.boot.StartupInfoLogger [restartedMain] Starting BurgerBuilderApplication on Margad with PID 3068 (E:\Development\eclipse-workspace\burger-builder\target\classes started by Margad-Erdene in E:\Development\eclipse-workspace\burger-builder)
2019-04-29 19:31:24,679 DEBUG org.springframework.boot.StartupInfoLogger [restartedMain] Running with Spring Boot v2.1.3.RELEASE, Spring v5.1.5.RELEASE
2019-04-29 19:31:24,682 INFO org.springframework.boot.SpringApplication [restartedMain] No active profile set, falling back to default profiles: default
2019-04-29 19:32:20,482 INFO org.springframework.boot.StartupInfoLogger [restartedMain] Starting BurgerBuilderApplication on Margad with PID 3956 (E:\Development\eclipse-workspace\burger-builder\target\classes started by Margad-Erdene in E:\Development\eclipse-workspace\burger-builder)
2019-04-29 19:32:20,493 DEBUG org.springframework.boot.StartupInfoLogger [restartedMain] Running with Spring Boot v2.1.3.RELEASE, Spring v5.1.5.RELEASE
2019-04-29 19:32:20,498 INFO org.springframework.boot.SpringApplication [restartedMain] No active profile set, falling back to default profiles: default
2019-04-29 19:34:25,704 INFO org.springframework.boot.StartupInfoLogger [restartedMain] Starting BurgerBuilderApplication on Margad with PID 4364 (E:\Development\eclipse-workspace\burger-builder\target\classes started by Margad-Erdene in E:\Development\eclipse-workspace\burger-builder)
2019-04-29 19:34:25,712 DEBUG org.springframework.boot.StartupInfoLogger [restartedMain] Running with Spring Boot v2.1.3.RELEASE, Spring v5.1.5.RELEASE
2019-04-29 19:34:25,715 INFO org.springframework.boot.SpringApplication [restartedMain] No active profile set, falling back to default profiles: default
2019-04-29 19:39:04,894 INFO org.springframework.boot.StartupInfoLogger [restartedMain] Starting BurgerBuilderApplication on Margad with PID 6064 (E:\Development\eclipse-workspace\burger-builder\target\classes started by Margad-Erdene in E:\Development\eclipse-workspace\burger-builder)
2019-04-29 19:39:04,900 DEBUG org.springframework.boot.StartupInfoLogger [restartedMain] Running with Spring Boot v2.1.3.RELEASE, Spring v5.1.5.RELEASE
2019-04-29 19:39:04,902 INFO org.springframework.boot.SpringApplication [restartedMain] No active profile set, falling back to default profiles: default
2019-04-29 19:41:44,991 INFO org.springframework.boot.StartupInfoLogger [restartedMain] Starting BurgerBuilderApplication on Margad with PID 228 (E:\Development\eclipse-workspace\burger-builder\target\classes started by Margad-Erdene in E:\Development\eclipse-workspace\burger-builder)
2019-04-29 19:41:45,033 DEBUG org.springframework.boot.StartupInfoLogger [restartedMain] Running with Spring Boot v2.1.3.RELEASE, Spring v5.1.5.RELEASE
2019-04-29 19:41:45,034 INFO org.springframework.boot.SpringApplication [restartedMain] No active profile set, falling back to default profiles: default
2019-04-29 19:44:56,803 INFO org.springframework.boot.StartupInfoLogger [restartedMain] Starting BurgerBuilderApplication on Margad with PID 5860 (E:\Development\eclipse-workspace\burger-builder\target\classes started by Margad-Erdene in E:\Development\eclipse-workspace\burger-builder)
2019-04-29 19:44:56,810 DEBUG org.springframework.boot.StartupInfoLogger [restartedMain] Running with Spring Boot v2.1.3.RELEASE, Spring v5.1.5.RELEASE
2019-04-29 19:44:56,812 INFO org.springframework.boot.SpringApplication [restartedMain] No active profile set, falling back to default profiles: default
2019-04-29 19:46:26,258 INFO org.springframework.boot.StartupInfoLogger [restartedMain] Starting BurgerBuilderApplication on Margad with PID 5652 (E:\Development\eclipse-workspace\burger-builder\target\classes started by Margad-Erdene in E:\Development\eclipse-workspace\burger-builder)
2019-04-29 19:46:26,266 DEBUG org.springframework.boot.StartupInfoLogger [restartedMain] Running with Spring Boot v2.1.3.RELEASE, Spring v5.1.5.RELEASE
2019-04-29 19:46:26,269 INFO org.springframework.boot.SpringApplication [restartedMain] No active profile set, falling back to default profiles: default
2019-04-29 19:48:06,923 INFO org.springframework.boot.StartupInfoLogger [restartedMain] Starting BurgerBuilderApplication on Margad with PID 4024 (E:\Development\eclipse-workspace\burger-builder\target\classes started by Margad-Erdene in E:\Development\eclipse-workspace\burger-builder)
2019-04-29 19:48:06,929 DEBUG org.springframework.boot.StartupInfoLogger [restartedMain] Running with Spring Boot v2.1.3.RELEASE, Spring v5.1.5.RELEASE
2019-04-29 19:48:06,932 INFO org.springframework.boot.SpringApplication [restartedMain] No active profile set, falling back to default profiles: default
2019-04-29 19:57:58,128 INFO org.springframework.boot.StartupInfoLogger [restartedMain] Starting BurgerBuilderApplication on Margad with PID 676 (E:\Development\eclipse-workspace\burger-builder\target\classes started by Margad-Erdene in E:\Development\eclipse-workspace\burger-builder)
2019-04-29 19:57:58,140 DEBUG org.springframework.boot.StartupInfoLogger [restartedMain] Running with Spring Boot v2.1.3.RELEASE, Spring v5.1.5.RELEASE
2019-04-29 19:57:58,142 INFO org.springframework.boot.SpringApplication [restartedMain] No active profile set, falling back to default profiles: default
2019-04-29 19:58:08,725 DEBUG org.springframework.web.filter.GenericFilterBean [restartedMain] Filter 'jwtAuthenticationFilter' configured for use
2019-04-29 19:58:12,489 INFO org.springframework.boot.StartupInfoLogger [restartedMain] Started BurgerBuilderApplication in 15.188 seconds (JVM running for 17.393)
2019-04-29 19:59:48,347 INFO org.springframework.boot.StartupInfoLogger [restartedMain] Starting BurgerBuilderApplication on Margad with PID 3932 (E:\Development\eclipse-workspace\burger-builder\target\classes started by Margad-Erdene in E:\Development\eclipse-workspace\burger-builder)
2019-04-29 19:59:48,357 DEBUG org.springframework.boot.StartupInfoLogger [restartedMain] Running with Spring Boot v2.1.3.RELEASE, Spring v5.1.5.RELEASE
2019-04-29 19:59:48,358 INFO org.springframework.boot.SpringApplication [restartedMain] No active profile set, falling back to default profiles: default
2019-04-29 20:00:08,755 DEBUG org.springframework.web.filter.GenericFilterBean [restartedMain] Filter 'jwtAuthenticationFilter' configured for use
2019-04-29 20:00:12,480 INFO org.springframework.boot.StartupInfoLogger [restartedMain] Started BurgerBuilderApplication in 25.143 seconds (JVM running for 27.491)
2019-04-29 20:02:20,319 INFO com.burger.controller.UserController [http-nio-8443-exec-1] Register Request User(id=null, username=margad@gmail.com, firstname=margad-erdene, password=Golomt123, confirmPassword=Golomt123, createdAt=null, updatedAt=null, order=[], roles=null)
2019-04-29 20:02:26,080 INFO com.burger.controller.UserController [http-nio-8443-exec-3] Login Request LoginRequest(username=margad@gmail.com, password=Golomt123)
2019-04-29 20:06:49,906 INFO org.springframework.boot.StartupInfoLogger [restartedMain] Starting BurgerBuilderApplication on Margad with PID 5164 (E:\Development\eclipse-workspace\burger-builder\target\classes started by Margad-Erdene in E:\Development\eclipse-workspace\burger-builder)
2019-04-29 20:06:49,924 DEBUG org.springframework.boot.StartupInfoLogger [restartedMain] Running with Spring Boot v2.1.3.RELEASE, Spring v5.1.5.RELEASE
2019-04-29 20:06:49,926 INFO org.springframework.boot.SpringApplication [restartedMain] No active profile set, falling back to default profiles: default
2019-04-29 20:07:03,148 DEBUG org.springframework.web.filter.GenericFilterBean [restartedMain] Filter 'jwtAuthenticationFilter' configured for use
2019-04-29 20:07:07,589 INFO org.springframework.boot.StartupInfoLogger [restartedMain] Started BurgerBuilderApplication in 18.695 seconds (JVM running for 21.322)
2019-04-29 20:07:16,141 INFO com.burger.controller.UserController [http-nio-8443-exec-1] Register Request User(id=null, username=margad@gmail.com, firstname=margad-erdene, password=Golomt123, confirmPassword=Golomt123, createdAt=null, updatedAt=null, order=[], roles=null)
2019-04-29 20:07:20,710 INFO com.burger.controller.UserController [http-nio-8443-exec-3] Login Request LoginRequest(username=margad@gmail.com, password=Golomt123)
2019-04-29 20:11:56,869 INFO org.springframework.boot.StartupInfoLogger [restartedMain] Starting BurgerBuilderApplication on Margad with PID 3212 (E:\Development\eclipse-workspace\burger-builder\target\classes started by Margad-Erdene in E:\Development\eclipse-workspace\burger-builder)
2019-04-29 20:11:56,880 DEBUG org.springframework.boot.StartupInfoLogger [restartedMain] Running with Spring Boot v2.1.3.RELEASE, Spring v5.1.5.RELEASE
2019-04-29 20:11:56,882 INFO org.springframework.boot.SpringApplication [restartedMain] No active profile set, falling back to default profiles: default
2019-04-29 20:12:10,813 DEBUG org.springframework.web.filter.GenericFilterBean [restartedMain] Filter 'jwtAuthenticationFilter' configured for use
2019-04-29 20:12:14,306 INFO org.springframework.boot.StartupInfoLogger [restartedMain] Started BurgerBuilderApplication in 18.842 seconds (JVM running for 21.676)
2019-04-29 20:12:26,043 INFO com.burger.controller.UserController [http-nio-8443-exec-2] Register Request User(id=null, username=margad@gmail.com, firstname=margad-erdene, password=Golomt123, confirmPassword=Golomt123, createdAt=null, updatedAt=null, order=[], roles=null)
2019-04-29 20:12:30,302 INFO com.burger.controller.UserController [http-nio-8443-exec-3] Login Request LoginRequest(username=margad@gmail.com, password=Golomt123)
2019-04-29 20:16:15,316 INFO org.springframework.boot.StartupInfoLogger [restartedMain] Starting BurgerBuilderApplication on Margad with PID 1724 (E:\Development\eclipse-workspace\burger-builder\target\classes started by Margad-Erdene in E:\Development\eclipse-workspace\burger-builder)
2019-04-29 20:16:15,325 DEBUG org.springframework.boot.StartupInfoLogger [restartedMain] Running with Spring Boot v2.1.3.RELEASE, Spring v5.1.5.RELEASE
2019-04-29 20:16:15,328 INFO org.springframework.boot.SpringApplication [restartedMain] No active profile set, falling back to default profiles: default
2019-04-29 20:16:32,306 DEBUG org.springframework.web.filter.GenericFilterBean [restartedMain] Filter 'jwtAuthenticationFilter' configured for use
2019-04-29 20:16:37,009 INFO org.springframework.boot.StartupInfoLogger [restartedMain] Started BurgerBuilderApplication in 22.965 seconds (JVM running for 25.913)
2019-04-29 20:16:46,824 INFO com.burger.controller.UserController [http-nio-8443-exec-2] Register Request User(id=null, username=margad@gmail.com, firstname=margad-erdene, password=Golomt123, confirmPassword=Golomt123, createdAt=null, updatedAt=null, order=[], roles=null)
2019-04-29 20:16:50,814 INFO com.burger.controller.UserController [http-nio-8443-exec-3] Login Request LoginRequest(username=margad@gmail.com, password=Golomt123)
2019-04-29 20:18:13,154 INFO org.springframework.boot.StartupInfoLogger [restartedMain] Starting BurgerBuilderApplication on Margad with PID 2148 (E:\Development\eclipse-workspace\burger-builder\target\classes started by Margad-Erdene in E:\Development\eclipse-workspace\burger-builder)
2019-04-29 20:18:13,164 DEBUG org.springframework.boot.StartupInfoLogger [restartedMain] Running with Spring Boot v2.1.3.RELEASE, Spring v5.1.5.RELEASE
2019-04-29 20:18:13,166 INFO org.springframework.boot.SpringApplication [restartedMain] No active profile set, falling back to default profiles: default
2019-04-29 20:18:26,606 DEBUG org.springframework.web.filter.GenericFilterBean [restartedMain] Filter 'jwtAuthenticationFilter' configured for use
2019-04-29 20:18:30,407 INFO org.springframework.boot.StartupInfoLogger [restartedMain] Started BurgerBuilderApplication in 18.269 seconds (JVM running for 20.86)
2019-04-29 20:18:45,179 INFO com.burger.controller.UserController [http-nio-8443-exec-1] Register Request User(id=null, username=margad@gmail.com, firstname=margad-erdene, password=Golomt123, confirmPassword=Golomt123, createdAt=null, updatedAt=null, order=[], roles=null)
2019-04-29 20:18:49,816 INFO com.burger.controller.UserController [http-nio-8443-exec-3] Login Request LoginRequest(username=margad@gmail.com, password=Golomt123)
2019-04-29 20:19:51,545 INFO org.springframework.boot.StartupInfoLogger [restartedMain] Starting BurgerBuilderApplication on Margad with PID 2304 (E:\Development\eclipse-workspace\burger-builder\target\classes started by Margad-Erdene in E:\Development\eclipse-workspace\burger-builder)
2019-04-29 20:19:51,555 DEBUG org.springframework.boot.StartupInfoLogger [restartedMain] Running with Spring Boot v2.1.3.RELEASE, Spring v5.1.5.RELEASE
2019-04-29 20:19:51,557 INFO org.springframework.boot.SpringApplication [restartedMain] No active profile set, falling back to default profiles: default
2019-04-29 20:20:04,391 DEBUG org.springframework.web.filter.GenericFilterBean [restartedMain] Filter 'jwtAuthenticationFilter' configured for use
2019-04-29 20:20:08,026 INFO org.springframework.boot.StartupInfoLogger [restartedMain] Started BurgerBuilderApplication in 17.457 seconds (JVM running for 19.264)
2019-04-29 20:20:18,969 INFO com.burger.controller.UserController [http-nio-8443-exec-2] Register Request User(id=null, username=margad@gmail.com, firstname=margad-erdene, password=Golomt123, confirmPassword=Golomt123, createdAt=null, updatedAt=null, order=[], roles=null)
2019-04-29 20:20:25,151 INFO com.burger.controller.UserController [http-nio-8443-exec-3] Login Request LoginRequest(username=margad@gmail.com, password=Golomt123)
2019-04-29 20:22:27,469 INFO org.springframework.boot.StartupInfoLogger [restartedMain] Starting BurgerBuilderApplication on Margad with PID 5176 (E:\Development\eclipse-workspace\burger-builder\target\classes started by Margad-Erdene in E:\Development\eclipse-workspace\burger-builder)
2019-04-29 20:22:27,480 DEBUG org.springframework.boot.StartupInfoLogger [restartedMain] Running with Spring Boot v2.1.3.RELEASE, Spring v5.1.5.RELEASE
2019-04-29 20:22:27,483 INFO org.springframework.boot.SpringApplication [restartedMain] No active profile set, falling back to default profiles: default
2019-04-29 20:22:43,548 DEBUG org.springframework.web.filter.GenericFilterBean [restartedMain] Filter 'jwtAuthenticationFilter' configured for use
2019-04-29 20:22:46,877 INFO org.springframework.boot.StartupInfoLogger [restartedMain] Started BurgerBuilderApplication in 20.852 seconds (JVM running for 23.914)
2019-04-29 20:22:54,429 INFO com.burger.controller.UserController [http-nio-8443-exec-2] Register Request User(id=null, username=margad@gmail.com, firstname=margad-erdene, password=Golomt123, confirmPassword=Golomt123, createdAt=null, updatedAt=null, order=[], roles=null)
2019-04-29 20:22:58,686 INFO com.burger.controller.UserController [http-nio-8443-exec-3] Login Request LoginRequest(username=margad@gmail.com, password=Golomt123)
2019-04-29 20:24:12,995 INFO org.springframework.boot.StartupInfoLogger [restartedMain] Starting BurgerBuilderApplication on Margad with PID 472 (E:\Development\eclipse-workspace\burger-builder\target\classes started by Margad-Erdene in E:\Development\eclipse-workspace\burger-builder)
2019-04-29 20:24:13,004 DEBUG org.springframework.boot.StartupInfoLogger [restartedMain] Running with Spring Boot v2.1.3.RELEASE, Spring v5.1.5.RELEASE
2019-04-29 20:24:13,007 INFO org.springframework.boot.SpringApplication [restartedMain] No active profile set, falling back to default profiles: default
2019-04-29 20:24:26,359 DEBUG org.springframework.web.filter.GenericFilterBean [restartedMain] Filter 'jwtAuthenticationFilter' configured for use
2019-04-29 20:24:59,858 INFO org.springframework.boot.StartupInfoLogger [restartedMain] Starting BurgerBuilderApplication on Margad with PID 5056 (E:\Development\eclipse-workspace\burger-builder\target\classes started by Margad-Erdene in E:\Development\eclipse-workspace\burger-builder)
2019-04-29 20:24:59,864 DEBUG org.springframework.boot.StartupInfoLogger [restartedMain] Running with Spring Boot v2.1.3.RELEASE, Spring v5.1.5.RELEASE
2019-04-29 20:24:59,866 INFO org.springframework.boot.SpringApplication [restartedMain] No active profile set, falling back to default profiles: default
2019-04-29 20:25:09,745 DEBUG org.springframework.web.filter.GenericFilterBean [restartedMain] Filter 'jwtAuthenticationFilter' configured for use
2019-04-29 20:25:12,441 INFO org.springframework.boot.StartupInfoLogger [restartedMain] Started BurgerBuilderApplication in 13.363 seconds (JVM running for 15.528)
2019-04-29 20:25:37,667 INFO com.burger.controller.UserController [http-nio-8443-exec-1] Register Request User(id=null, username=margad@gmail.com, firstname=margad-erdene, password=Golomt123, confirmPassword=Golomt123, createdAt=null, updatedAt=null, order=[], roles=null)
2019-04-29 20:25:42,649 INFO com.burger.controller.UserController [http-nio-8443-exec-3] Login Request LoginRequest(username=margad@gmail.com, password=Golomt123)
2019-04-29 20:26:30,246 INFO org.springframework.boot.StartupInfoLogger [restartedMain] Starting BurgerBuilderApplication on Margad with PID 1656 (E:\Development\eclipse-workspace\burger-builder\target\classes started by Margad-Erdene in E:\Development\eclipse-workspace\burger-builder)
2019-04-29 20:26:30,257 DEBUG org.springframework.boot.StartupInfoLogger [restartedMain] Running with Spring Boot v2.1.3.RELEASE, Spring v5.1.5.RELEASE
2019-04-29 20:26:30,259 INFO org.springframework.boot.SpringApplication [restartedMain] No active profile set, falling back to default profiles: default
2019-04-29 20:26:46,765 DEBUG org.springframework.web.filter.GenericFilterBean [restartedMain] Filter 'jwtAuthenticationFilter' configured for use
2019-04-29 20:26:50,256 INFO org.springframework.boot.StartupInfoLogger [restartedMain] Started BurgerBuilderApplication in 21.309 seconds (JVM running for 23.95)
2019-04-29 20:27:12,003 INFO com.burger.controller.UserController [http-nio-8443-exec-1] Register Request User(id=null, username=margad@gmail.com, firstname=margad-erdene, password=Golomt123, confirmPassword=Golomt123, createdAt=null, updatedAt=null, order=[], roles=null)
2019-04-29 20:27:15,818 INFO com.burger.controller.UserController [http-nio-8443-exec-3] Login Request LoginRequest(username=margad@gmail.com, password=Golomt123)
2019-04-29 20:32:24,908 INFO org.springframework.boot.StartupInfoLogger [restartedMain] Starting BurgerBuilderApplication on Margad with PID 5308 (E:\Development\eclipse-workspace\burger-builder\target\classes started by Margad-Erdene in E:\Development\eclipse-workspace\burger-builder)
2019-04-29 20:32:24,918 DEBUG org.springframework.boot.StartupInfoLogger [restartedMain] Running with Spring Boot v2.1.3.RELEASE, Spring v5.1.5.RELEASE
2019-04-29 20:32:24,920 INFO org.springframework.boot.SpringApplication [restartedMain] No active profile set, falling back to default profiles: default
2019-04-29 20:32:36,934 DEBUG org.springframework.web.filter.GenericFilterBean [restartedMain] Filter 'jwtAuthenticationFilter' configured for use
2019-04-29 20:32:40,861 INFO org.springframework.boot.StartupInfoLogger [restartedMain] Started BurgerBuilderApplication in 16.924 seconds (JVM running for 19.451)
2019-04-29 20:33:12,387 INFO com.burger.controller.UserController [http-nio-8443-exec-1] Register Request User(id=null, username=margad@gmail.com, firstname=margad-erdene, password=Golomt123, confirmPassword=Golomt123, createdAt=null, updatedAt=null, order=[], roles=null)
2019-04-29 20:33:15,987 INFO com.burger.controller.UserController [http-nio-8443-exec-3] Login Request LoginRequest(username=margad@gmail.com, password=Golomt123)
2019-04-29 20:35:46,652 INFO org.springframework.boot.StartupInfoLogger [restartedMain] Starting BurgerBuilderApplication on Margad with PID 1812 (E:\Development\eclipse-workspace\burger-builder\target\classes started by Margad-Erdene in E:\Development\eclipse-workspace\burger-builder)
2019-04-29 20:35:46,662 DEBUG org.springframework.boot.StartupInfoLogger [restartedMain] Running with Spring Boot v2.1.3.RELEASE, Spring v5.1.5.RELEASE
2019-04-29 20:35:46,664 INFO org.springframework.boot.SpringApplication [restartedMain] No active profile set, falling back to default profiles: default
2019-04-29 20:36:35,511 INFO org.springframework.boot.StartupInfoLogger [restartedMain] Starting BurgerBuilderApplication on Margad with PID 5252 (E:\Development\eclipse-workspace\burger-builder\target\classes started by Margad-Erdene in E:\Development\eclipse-workspace\burger-builder)
2019-04-29 20:36:35,520 DEBUG org.springframework.boot.StartupInfoLogger [restartedMain] Running with Spring Boot v2.1.3.RELEASE, Spring v5.1.5.RELEASE
2019-04-29 20:36:35,522 INFO org.springframework.boot.SpringApplication [restartedMain] No active profile set, falling back to default profiles: default
2019-04-29 20:37:23,867 INFO org.springframework.boot.StartupInfoLogger [restartedMain] Starting BurgerBuilderApplication on Margad with PID 2208 (E:\Development\eclipse-workspace\burger-builder\target\classes started by Margad-Erdene in E:\Development\eclipse-workspace\burger-builder)
2019-04-29 20:37:23,876 DEBUG org.springframework.boot.StartupInfoLogger [restartedMain] Running with Spring Boot v2.1.3.RELEASE, Spring v5.1.5.RELEASE
2019-04-29 20:37:23,878 INFO org.springframework.boot.SpringApplication [restartedMain] No active profile set, falling back to default profiles: default
2019-04-29 20:37:35,957 DEBUG org.springframework.web.filter.GenericFilterBean [restartedMain] Filter 'jwtAuthenticationFilter' configured for use
2019-04-29 20:38:21,935 INFO org.springframework.boot.StartupInfoLogger [restartedMain] Starting BurgerBuilderApplication on Margad with PID 2488 (E:\Development\eclipse-workspace\burger-builder\target\classes started by Margad-Erdene in E:\Development\eclipse-workspace\burger-builder)
2019-04-29 20:38:21,944 DEBUG org.springframework.boot.StartupInfoLogger [restartedMain] Running with Spring Boot v2.1.3.RELEASE, Spring v5.1.5.RELEASE
2019-04-29 20:38:21,946 INFO org.springframework.boot.SpringApplication [restartedMain] No active profile set, falling back to default profiles: default
2019-04-29 20:38:33,551 DEBUG org.springframework.web.filter.GenericFilterBean [restartedMain] Filter 'jwtAuthenticationFilter' configured for use
2019-04-29 20:40:31,959 INFO org.springframework.boot.StartupInfoLogger [restartedMain] Starting BurgerBuilderApplication on Margad with PID 4040 (E:\Development\eclipse-workspace\burger-builder\target\classes started by Margad-Erdene in E:\Development\eclipse-workspace\burger-builder)
2019-04-29 20:40:31,969 DEBUG org.springframework.boot.StartupInfoLogger [restartedMain] Running with Spring Boot v2.1.3.RELEASE, Spring v5.1.5.RELEASE
2019-04-29 20:40:31,972 INFO org.springframework.boot.SpringApplication [restartedMain] No active profile set, falling back to default profiles: default
2019-04-29 20:41:22,963 INFO org.springframework.boot.StartupInfoLogger [restartedMain] Starting BurgerBuilderApplication on Margad with PID 4112 (E:\Development\eclipse-workspace\burger-builder\target\classes started by Margad-Erdene in E:\Development\eclipse-workspace\burger-builder)
2019-04-29 20:41:22,978 DEBUG org.springframework.boot.StartupInfoLogger [restartedMain] Running with Spring Boot v2.1.3.RELEASE, Spring v5.1.5.RELEASE
2019-04-29 20:41:22,981 INFO org.springframework.boot.SpringApplication [restartedMain] No active profile set, falling back to default profiles: default
2019-04-29 20:42:07,947 INFO org.springframework.boot.StartupInfoLogger [restartedMain] Starting BurgerBuilderApplication on Margad with PID 4716 (E:\Development\eclipse-workspace\burger-builder\target\classes started by Margad-Erdene in E:\Development\eclipse-workspace\burger-builder)
2019-04-29 20:42:07,956 DEBUG org.springframework.boot.StartupInfoLogger [restartedMain] Running with Spring Boot v2.1.3.RELEASE, Spring v5.1.5.RELEASE
2019-04-29 20:42:07,958 INFO org.springframework.boot.SpringApplication [restartedMain] No active profile set, falling back to default profiles: default
2019-04-29 20:42:22,649 DEBUG org.springframework.web.filter.GenericFilterBean [restartedMain] Filter 'jwtAuthenticationFilter' configured for use
2019-04-29 20:42:25,849 INFO org.springframework.boot.StartupInfoLogger [restartedMain] Started BurgerBuilderApplication in 18.869 seconds (JVM running for 21.092)
2019-04-29 20:42:34,569 INFO com.burger.controller.UserController [http-nio-8443-exec-1] Register Request User(id=null, username=margad@gmail.com, firstname=margad-erdene, password=Golomt123, confirmPassword=Golomt123, createdAt=null, updatedAt=null, order=[], roles=null)
2019-04-29 20:42:39,606 INFO com.burger.controller.UserController [http-nio-8443-exec-3] Login Request LoginRequest(username=margad@gmail.com, password=Golomt123)
2019-04-29 20:46:57,051 INFO org.springframework.boot.StartupInfoLogger [restartedMain] Starting BurgerBuilderApplication on Margad with PID 4716 (E:\Development\eclipse-workspace\burger-builder\target\classes started by Margad-Erdene in E:\Development\eclipse-workspace\burger-builder)
2019-04-29 20:46:57,052 DEBUG org.springframework.boot.StartupInfoLogger [restartedMain] Running with Spring Boot v2.1.3.RELEASE, Spring v5.1.5.RELEASE
2019-04-29 20:46:57,053 INFO org.springframework.boot.SpringApplication [restartedMain] No active profile set, falling back to default profiles: default
2019-04-29 20:48:10,705 INFO org.springframework.boot.StartupInfoLogger [restartedMain] Starting BurgerBuilderApplication on Margad with PID 3304 (E:\Development\eclipse-workspace\burger-builder\target\classes started by Margad-Erdene in E:\Development\eclipse-workspace\burger-builder)
2019-04-29 20:48:10,725 DEBUG org.springframework.boot.StartupInfoLogger [restartedMain] Running with Spring Boot v2.1.3.RELEASE, Spring v5.1.5.RELEASE
2019-04-29 20:48:10,727 INFO org.springframework.boot.SpringApplication [restartedMain] No active profile set, falling back to default profiles: default
2019-04-29 20:48:25,543 DEBUG org.springframework.web.filter.GenericFilterBean [restartedMain] Filter 'jwtAuthenticationFilter' configured for use
2019-04-29 20:48:30,575 INFO org.springframework.boot.StartupInfoLogger [restartedMain] Started BurgerBuilderApplication in 20.821 seconds (JVM running for 23.359)
2019-04-29 20:48:42,682 INFO com.burger.controller.UserController [http-nio-8443-exec-1] Register Request User(id=null, username=margad@gmail.com, firstname=margad-erdene, password=Golomt123, confirmPassword=Golomt123, createdAt=null, updatedAt=null, order=[], roles=null)
2019-04-29 20:48:47,498 INFO com.burger.controller.UserController [http-nio-8443-exec-3] Login Request LoginRequest(username=margad@gmail.com, password=Golomt123)
2019-04-29 20:50:25,515 INFO org.springframework.boot.StartupInfoLogger [restartedMain] Starting BurgerBuilderApplication on Margad with PID 2900 (E:\Development\eclipse-workspace\burger-builder\target\classes started by Margad-Erdene in E:\Development\eclipse-workspace\burger-builder)
2019-04-29 20:50:25,526 DEBUG org.springframework.boot.StartupInfoLogger [restartedMain] Running with Spring Boot v2.1.3.RELEASE, Spring v5.1.5.RELEASE
2019-04-29 20:50:25,530 INFO org.springframework.boot.SpringApplication [restartedMain] No active profile set, falling back to default profiles: default
2019-04-29 20:50:37,508 DEBUG org.springframework.web.filter.GenericFilterBean [restartedMain] Filter 'jwtAuthenticationFilter' configured for use
2019-04-29 20:50:39,267 INFO org.springframework.boot.StartupInfoLogger [restartedMain] Started BurgerBuilderApplication in 15.074 seconds (JVM running for 17.655)
2019-04-29 22:43:44,867 INFO org.springframework.boot.StartupInfoLogger [restartedMain] Starting BurgerBuilderApplication on Margad with PID 5860 (E:\Development\eclipse-workspace\burger-builder\target\classes started by Margad-Erdene in E:\Development\eclipse-workspace\burger-builder)
2019-04-29 22:43:44,914 DEBUG org.springframework.boot.StartupInfoLogger [restartedMain] Running with Spring Boot v2.1.3.RELEASE, Spring v5.1.5.RELEASE
2019-04-29 22:43:44,916 INFO org.springframework.boot.SpringApplication [restartedMain] No active profile set, falling back to default profiles: default
2019-04-29 22:43:59,385 DEBUG org.springframework.web.filter.GenericFilterBean [restartedMain] Filter 'jwtAuthenticationFilter' configured for use
2019-04-29 22:44:02,844 INFO org.springframework.boot.StartupInfoLogger [restartedMain] Started BurgerBuilderApplication in 18.98 seconds (JVM running for 21.616)
2019-04-29 22:44:52,713 INFO com.burger.controller.UserController [http-nio-8443-exec-2] Register Request User(id=null, username=margad@gmail.com, firstname=margad-erdene, password=Golomt123, confirmPassword=Golomt123, createdAt=null, updatedAt=null, order=[], roles=null)
2019-04-29 22:45:02,060 INFO com.burger.controller.UserController [http-nio-8443-exec-3] Login Request LoginRequest(username=margad@gmail.com, password=Golomt123)
