2019-04-28 16:40:17,747 INFO org.springframework.boot.StartupInfoLogger [restartedMain] Starting BurgerBuilderApplication on Margad with PID 3736 (E:\Development\eclipse-workspace\burger-builder\target\classes started by Margad-Erdene in E:\Development\eclipse-workspace\burger-builder)
2019-04-28 16:40:17,759 DEBUG org.springframework.boot.StartupInfoLogger [restartedMain] Running with Spring Boot v2.1.3.RELEASE, Spring v5.1.5.RELEASE
2019-04-28 16:40:17,769 INFO org.springframework.boot.SpringApplication [restartedMain] No active profile set, falling back to default profiles: default
2019-04-28 16:40:37,004 DEBUG org.springframework.web.filter.GenericFilterBean [restartedMain] Filter 'jwtAuthenticationFilter' configured for use
2019-04-28 16:40:41,295 INFO org.springframework.boot.StartupInfoLogger [restartedMain] Started BurgerBuilderApplication in 24.465 seconds (JVM running for 27.04)
2019-04-28 16:41:14,689 INFO com.burger.controller.UserController [http-nio-8443-exec-2] Register Request User(id=null, username=margad@gmail.com, firstname=margad-erdene, password=Golomt123, confirmPassword=Golomt123, createdAt=null, updatedAt=null, order=[], roles=null)
2019-04-28 16:41:28,132 INFO com.burger.controller.UserController [http-nio-8443-exec-3] Login Request LoginRequest(username=margad@gmail.com, password=Golomt123)
2019-04-28 16:46:19,974 INFO org.springframework.boot.StartupInfoLogger [restartedMain] Starting BurgerBuilderApplication on Margad with PID 1284 (E:\Development\eclipse-workspace\burger-builder\target\classes started by Margad-Erdene in E:\Development\eclipse-workspace\burger-builder)
2019-04-28 16:46:19,990 DEBUG org.springframework.boot.StartupInfoLogger [restartedMain] Running with Spring Boot v2.1.3.RELEASE, Spring v5.1.5.RELEASE
2019-04-28 16:46:19,993 INFO org.springframework.boot.SpringApplication [restartedMain] No active profile set, falling back to default profiles: default
2019-04-28 16:46:37,459 DEBUG org.springframework.web.filter.GenericFilterBean [restartedMain] Filter 'jwtAuthenticationFilter' configured for use
2019-04-28 16:46:40,948 INFO org.springframework.boot.StartupInfoLogger [restartedMain] Started BurgerBuilderApplication in 22.512 seconds (JVM running for 25.754)
2019-04-28 16:47:59,263 INFO com.burger.controller.UserController [http-nio-8443-exec-8] Login Request LoginRequest(username=margad@gmail.com, password=Golomt123)
2019-04-28 16:48:04,361 INFO com.burger.controller.UserController [http-nio-8443-exec-10] Register Request User(id=null, username=margad@gmail.com, firstname=margad-erdene, password=Golomt123, confirmPassword=Golomt123, createdAt=null, updatedAt=null, order=[], roles=null)
2019-04-28 16:48:09,385 INFO com.burger.controller.UserController [http-nio-8443-exec-7] Login Request LoginRequest(username=margad@gmail.com, password=Golomt123)
2019-04-28 17:35:35,984 INFO org.springframework.boot.StartupInfoLogger [restartedMain] Starting BurgerBuilderApplication on Margad with PID 2192 (E:\Development\eclipse-workspace\burger-builder\target\classes started by Margad-Erdene in E:\Development\eclipse-workspace\burger-builder)
2019-04-28 17:35:36,001 DEBUG org.springframework.boot.StartupInfoLogger [restartedMain] Running with Spring Boot v2.1.3.RELEASE, Spring v5.1.5.RELEASE
2019-04-28 17:35:36,003 INFO org.springframework.boot.SpringApplication [restartedMain] No active profile set, falling back to default profiles: default
2019-04-28 17:35:53,769 DEBUG org.springframework.web.filter.GenericFilterBean [restartedMain] Filter 'jwtAuthenticationFilter' configured for use
2019-04-28 17:35:58,825 INFO org.springframework.boot.StartupInfoLogger [restartedMain] Started BurgerBuilderApplication in 23.786 seconds (JVM running for 26.375)
2019-04-28 17:36:24,416 INFO org.springframework.boot.StartupInfoLogger [restartedMain] Starting BurgerBuilderApplication on Margad with PID 2192 (E:\Development\eclipse-workspace\burger-builder\target\classes started by Margad-Erdene in E:\Development\eclipse-workspace\burger-builder)
2019-04-28 17:36:24,417 DEBUG org.springframework.boot.StartupInfoLogger [restartedMain] Running with Spring Boot v2.1.3.RELEASE, Spring v5.1.5.RELEASE
2019-04-28 17:36:24,420 INFO org.springframework.boot.SpringApplication [restartedMain] No active profile set, falling back to default profiles: default
2019-04-28 17:36:29,806 DEBUG org.springframework.web.filter.GenericFilterBean [restartedMain] Filter 'jwtAuthenticationFilter' configured for use
2019-04-28 17:36:32,429 INFO org.springframework.boot.StartupInfoLogger [restartedMain] Started BurgerBuilderApplication in 8.176 seconds (JVM running for 59.979)
2019-04-28 17:36:56,822 INFO com.burger.controller.UserController [http-nio-8443-exec-2] Register Request User(id=null, username=margad@gmail.com, firstname=margad-erdene, password=Golomt123, confirmPassword=Golomt123, createdAt=null, updatedAt=null, order=[], roles=null)
2019-04-28 17:37:01,401 INFO com.burger.controller.UserController [http-nio-8443-exec-3] Login Request LoginRequest(username=margad@gmail.com, password=Golomt123)
2019-04-28 18:16:50,878 INFO org.springframework.boot.StartupInfoLogger [restartedMain] Starting BurgerBuilderApplication on Margad with PID 5232 (E:\Development\eclipse-workspace\burger-builder\target\classes started by Margad-Erdene in E:\Development\eclipse-workspace\burger-builder)
2019-04-28 18:16:50,888 DEBUG org.springframework.boot.StartupInfoLogger [restartedMain] Running with Spring Boot v2.1.3.RELEASE, Spring v5.1.5.RELEASE
2019-04-28 18:16:50,891 INFO org.springframework.boot.SpringApplication [restartedMain] No active profile set, falling back to default profiles: default
2019-04-28 18:25:34,075 INFO org.springframework.boot.StartupInfoLogger [restartedMain] Starting BurgerBuilderApplication on Margad with PID 5136 (E:\Development\eclipse-workspace\burger-builder\target\classes started by Margad-Erdene in E:\Development\eclipse-workspace\burger-builder)
2019-04-28 18:25:34,096 DEBUG org.springframework.boot.StartupInfoLogger [restartedMain] Running with Spring Boot v2.1.3.RELEASE, Spring v5.1.5.RELEASE
2019-04-28 18:25:34,099 INFO org.springframework.boot.SpringApplication [restartedMain] No active profile set, falling back to default profiles: default
2019-04-28 18:27:59,611 INFO org.springframework.boot.StartupInfoLogger [restartedMain] Starting BurgerBuilderApplication on Margad with PID 2632 (E:\Development\eclipse-workspace\burger-builder\target\classes started by Margad-Erdene in E:\Development\eclipse-workspace\burger-builder)
2019-04-28 18:27:59,632 DEBUG org.springframework.boot.StartupInfoLogger [restartedMain] Running with Spring Boot v2.1.3.RELEASE, Spring v5.1.5.RELEASE
2019-04-28 18:27:59,634 INFO org.springframework.boot.SpringApplication [restartedMain] No active profile set, falling back to default profiles: default
2019-04-28 18:41:35,071 INFO org.springframework.boot.StartupInfoLogger [restartedMain] Starting BurgerBuilderApplication on Margad with PID 3000 (E:\Development\eclipse-workspace\burger-builder\target\classes started by Margad-Erdene in E:\Development\eclipse-workspace\burger-builder)
2019-04-28 18:41:35,078 DEBUG org.springframework.boot.StartupInfoLogger [restartedMain] Running with Spring Boot v2.1.3.RELEASE, Spring v5.1.5.RELEASE
2019-04-28 18:41:35,080 INFO org.springframework.boot.SpringApplication [restartedMain] No active profile set, falling back to default profiles: default
2019-04-28 18:41:48,560 DEBUG org.springframework.web.filter.GenericFilterBean [restartedMain] Filter 'jwtAuthenticationFilter' configured for use
2019-04-28 18:41:51,876 INFO org.springframework.boot.StartupInfoLogger [restartedMain] Started BurgerBuilderApplication in 17.578 seconds (JVM running for 19.534)
2019-04-28 19:00:11,932 INFO org.springframework.boot.StartupInfoLogger [restartedMain] Starting BurgerBuilderApplication on Margad with PID 5484 (E:\Development\eclipse-workspace\burger-builder\target\classes started by Margad-Erdene in E:\Development\eclipse-workspace\burger-builder)
2019-04-28 19:00:11,942 DEBUG org.springframework.boot.StartupInfoLogger [restartedMain] Running with Spring Boot v2.1.3.RELEASE, Spring v5.1.5.RELEASE
2019-04-28 19:00:11,945 INFO org.springframework.boot.SpringApplication [restartedMain] No active profile set, falling back to default profiles: default
2019-04-28 19:00:29,606 DEBUG org.springframework.web.filter.GenericFilterBean [restartedMain] Filter 'jwtAuthenticationFilter' configured for use
2019-04-28 19:00:34,363 INFO org.springframework.boot.StartupInfoLogger [restartedMain] Started BurgerBuilderApplication in 23.447 seconds (JVM running for 25.919)
2019-04-28 19:00:52,956 INFO com.burger.controller.UserController [http-nio-8443-exec-1] Register Request User(id=null, username=margad@gmail.com, firstname=margad-erdene, password=Golomt123, confirmPassword=Golomt123, createdAt=null, updatedAt=null, order=[], roles=null)
2019-04-28 19:01:02,547 INFO com.burger.controller.UserController [http-nio-8443-exec-3] Login Request LoginRequest(username=margad@gmail.com, password=Golomt123)
2019-04-28 19:02:53,434 INFO org.springframework.boot.StartupInfoLogger [restartedMain] Starting BurgerBuilderApplication on Margad with PID 2912 (E:\Development\eclipse-workspace\burger-builder\target\classes started by Margad-Erdene in E:\Development\eclipse-workspace\burger-builder)
2019-04-28 19:02:53,443 DEBUG org.springframework.boot.StartupInfoLogger [restartedMain] Running with Spring Boot v2.1.3.RELEASE, Spring v5.1.5.RELEASE
2019-04-28 19:02:53,446 INFO org.springframework.boot.SpringApplication [restartedMain] No active profile set, falling back to default profiles: default
2019-04-28 19:03:11,840 DEBUG org.springframework.web.filter.GenericFilterBean [restartedMain] Filter 'jwtAuthenticationFilter' configured for use
2019-04-28 19:03:15,474 INFO org.springframework.boot.StartupInfoLogger [restartedMain] Started BurgerBuilderApplication in 23.065 seconds (JVM running for 25.731)
2019-04-28 19:03:30,100 INFO com.burger.controller.UserController [http-nio-8443-exec-1] Login Request LoginRequest(username=margad@gmail.com, password=Golomt123)
2019-04-28 19:03:51,807 INFO com.burger.controller.UserController [http-nio-8443-exec-3] Register Request User(id=null, username=margad@gmail.com, firstname=margad-erdene, password=Golomt123, confirmPassword=Golomt123, createdAt=null, updatedAt=null, order=[], roles=null)
2019-04-28 19:03:56,299 INFO com.burger.controller.UserController [http-nio-8443-exec-4] Login Request LoginRequest(username=margad@gmail.com, password=Golomt123)
2019-04-28 19:05:29,847 INFO org.springframework.boot.StartupInfoLogger [restartedMain] Starting BurgerBuilderApplication on Margad with PID 2684 (E:\Development\eclipse-workspace\burger-builder\target\classes started by Margad-Erdene in E:\Development\eclipse-workspace\burger-builder)
2019-04-28 19:05:29,875 DEBUG org.springframework.boot.StartupInfoLogger [restartedMain] Running with Spring Boot v2.1.3.RELEASE, Spring v5.1.5.RELEASE
2019-04-28 19:05:29,878 INFO org.springframework.boot.SpringApplication [restartedMain] No active profile set, falling back to default profiles: default
2019-04-28 19:05:47,765 DEBUG org.springframework.web.filter.GenericFilterBean [restartedMain] Filter 'jwtAuthenticationFilter' configured for use
2019-04-28 19:06:17,956 INFO org.springframework.boot.StartupInfoLogger [restartedMain] Starting BurgerBuilderApplication on Margad with PID 2268 (E:\Development\eclipse-workspace\burger-builder\target\classes started by Margad-Erdene in E:\Development\eclipse-workspace\burger-builder)
2019-04-28 19:06:17,977 DEBUG org.springframework.boot.StartupInfoLogger [restartedMain] Running with Spring Boot v2.1.3.RELEASE, Spring v5.1.5.RELEASE
2019-04-28 19:06:17,980 INFO org.springframework.boot.SpringApplication [restartedMain] No active profile set, falling back to default profiles: default
2019-04-28 19:06:36,773 DEBUG org.springframework.web.filter.GenericFilterBean [restartedMain] Filter 'jwtAuthenticationFilter' configured for use
2019-04-28 19:06:40,966 INFO org.springframework.boot.StartupInfoLogger [restartedMain] Started BurgerBuilderApplication in 24.503 seconds (JVM running for 27.226)
2019-04-28 19:06:52,837 INFO com.burger.controller.UserController [http-nio-8443-exec-1] Register Request User(id=null, username=margad@gmail.com, firstname=margad-erdene, password=Golomt123, confirmPassword=Golomt123, createdAt=null, updatedAt=null, order=[], roles=null)
2019-04-28 19:06:56,988 INFO com.burger.controller.UserController [http-nio-8443-exec-3] Login Request LoginRequest(username=margad@gmail.com, password=Golomt123)
2019-04-28 19:11:05,341 INFO org.springframework.boot.StartupInfoLogger [restartedMain] Starting BurgerBuilderApplication on Margad with PID 4332 (E:\Development\eclipse-workspace\burger-builder\target\classes started by Margad-Erdene in E:\Development\eclipse-workspace\burger-builder)
2019-04-28 19:11:05,350 DEBUG org.springframework.boot.StartupInfoLogger [restartedMain] Running with Spring Boot v2.1.3.RELEASE, Spring v5.1.5.RELEASE
2019-04-28 19:11:05,352 INFO org.springframework.boot.SpringApplication [restartedMain] No active profile set, falling back to default profiles: default
2019-04-28 19:11:23,524 DEBUG org.springframework.web.filter.GenericFilterBean [restartedMain] Filter 'jwtAuthenticationFilter' configured for use
2019-04-28 19:11:27,445 INFO org.springframework.boot.StartupInfoLogger [restartedMain] Started BurgerBuilderApplication in 23.093 seconds (JVM running for 25.425)
2019-04-28 19:11:44,315 INFO com.burger.controller.UserController [http-nio-8443-exec-1] Register Request User(id=null, username=margad@gmail.com, firstname=margad-erdene, password=Golomt123, confirmPassword=Golomt123, createdAt=null, updatedAt=null, order=[], roles=null)
2019-04-28 19:11:52,567 INFO com.burger.controller.UserController [http-nio-8443-exec-3] Login Request LoginRequest(username=margad@gmail.com, password=Golomt123)
2019-04-28 19:25:28,920 INFO org.springframework.boot.StartupInfoLogger [restartedMain] Starting BurgerBuilderApplication on Margad with PID 572 (E:\Development\eclipse-workspace\burger-builder\target\classes started by Margad-Erdene in E:\Development\eclipse-workspace\burger-builder)
2019-04-28 19:25:28,929 DEBUG org.springframework.boot.StartupInfoLogger [restartedMain] Running with Spring Boot v2.1.3.RELEASE, Spring v5.1.5.RELEASE
2019-04-28 19:25:28,931 INFO org.springframework.boot.SpringApplication [restartedMain] No active profile set, falling back to default profiles: default
2019-04-28 19:25:46,389 DEBUG org.springframework.web.filter.GenericFilterBean [restartedMain] Filter 'jwtAuthenticationFilter' configured for use
2019-04-28 19:25:50,247 INFO org.springframework.boot.StartupInfoLogger [restartedMain] Started BurgerBuilderApplication in 22.248 seconds (JVM running for 24.709)
2019-04-28 19:27:49,251 INFO com.burger.controller.UserController [http-nio-8443-exec-1] Register Request User(id=null, username=margad@gmail.com, firstname=margad-erdene, password=Golomt123, confirmPassword=Golomt123, createdAt=null, updatedAt=null, order=[], roles=null)
2019-04-28 19:27:54,174 INFO com.burger.controller.UserController [http-nio-8443-exec-4] Login Request LoginRequest(username=margad@gmail.com, password=Golomt123)
2019-04-28 19:33:02,842 INFO org.springframework.boot.StartupInfoLogger [restartedMain] Starting BurgerBuilderApplication on Margad with PID 572 (E:\Development\eclipse-workspace\burger-builder\target\classes started by Margad-Erdene in E:\Development\eclipse-workspace\burger-builder)
2019-04-28 19:33:02,843 DEBUG org.springframework.boot.StartupInfoLogger [restartedMain] Running with Spring Boot v2.1.3.RELEASE, Spring v5.1.5.RELEASE
2019-04-28 19:33:02,845 INFO org.springframework.boot.SpringApplication [restartedMain] No active profile set, falling back to default profiles: default
2019-04-28 19:33:09,748 DEBUG org.springframework.web.filter.GenericFilterBean [restartedMain] Filter 'jwtAuthenticationFilter' configured for use
2019-04-28 19:33:12,544 INFO org.springframework.boot.StartupInfoLogger [restartedMain] Started BurgerBuilderApplication in 9.926 seconds (JVM running for 467.006)
2019-04-28 19:33:37,259 INFO com.burger.controller.UserController [http-nio-8443-exec-2] Register Request User(id=null, username=margad@gmail.com, firstname=margad-erdene, password=Golomt123, confirmPassword=Golomt123, createdAt=null, updatedAt=null, order=[], roles=null)
2019-04-28 19:33:43,704 INFO com.burger.controller.UserController [http-nio-8443-exec-3] Login Request LoginRequest(username=margad@gmail.com, password=Golomt123)
2019-04-28 19:39:27,842 INFO org.springframework.boot.StartupInfoLogger [restartedMain] Starting BurgerBuilderApplication on Margad with PID 4816 (E:\Development\eclipse-workspace\burger-builder\target\classes started by Margad-Erdene in E:\Development\eclipse-workspace\burger-builder)
2019-04-28 19:39:27,850 DEBUG org.springframework.boot.StartupInfoLogger [restartedMain] Running with Spring Boot v2.1.3.RELEASE, Spring v5.1.5.RELEASE
2019-04-28 19:39:27,851 INFO org.springframework.boot.SpringApplication [restartedMain] No active profile set, falling back to default profiles: default
2019-04-28 19:39:44,779 DEBUG org.springframework.web.filter.GenericFilterBean [restartedMain] Filter 'jwtAuthenticationFilter' configured for use
2019-04-28 19:39:49,505 INFO org.springframework.boot.StartupInfoLogger [restartedMain] Started BurgerBuilderApplication in 22.566 seconds (JVM running for 25.018)
2019-04-28 19:40:03,572 INFO com.burger.controller.UserController [http-nio-8443-exec-3] Register Request User(id=null, username=margad@gmail.com, firstname=margad-erdene, password=Golomt123, confirmPassword=Golomt123, createdAt=null, updatedAt=null, order=[], roles=null)
2019-04-28 19:40:08,658 INFO com.burger.controller.UserController [http-nio-8443-exec-5] Login Request LoginRequest(username=margad@gmail.com, password=Golomt123)
2019-04-28 19:44:57,988 INFO org.springframework.boot.StartupInfoLogger [restartedMain] Starting BurgerBuilderApplication on Margad with PID 5744 (E:\Development\eclipse-workspace\burger-builder\target\classes started by Margad-Erdene in E:\Development\eclipse-workspace\burger-builder)
2019-04-28 19:44:57,999 DEBUG org.springframework.boot.StartupInfoLogger [restartedMain] Running with Spring Boot v2.1.3.RELEASE, Spring v5.1.5.RELEASE
2019-04-28 19:44:58,013 INFO org.springframework.boot.SpringApplication [restartedMain] No active profile set, falling back to default profiles: default
2019-04-28 19:45:15,622 DEBUG org.springframework.web.filter.GenericFilterBean [restartedMain] Filter 'jwtAuthenticationFilter' configured for use
2019-04-28 19:45:19,728 INFO org.springframework.boot.StartupInfoLogger [restartedMain] Started BurgerBuilderApplication in 23.363 seconds (JVM running for 26.124)
2019-04-28 19:45:28,016 INFO com.burger.controller.UserController [http-nio-8443-exec-1] Register Request User(id=null, username=margad@gmail.com, firstname=margad-erdene, password=Golomt123, confirmPassword=Golomt123, createdAt=null, updatedAt=null, order=[], roles=null)
2019-04-28 19:45:37,103 INFO com.burger.controller.UserController [http-nio-8443-exec-3] Login Request LoginRequest(username=margad@gmail.com, password=Golomt123)
2019-04-28 19:47:19,399 INFO org.springframework.boot.StartupInfoLogger [restartedMain] Starting BurgerBuilderApplication on Margad with PID 5160 (E:\Development\eclipse-workspace\burger-builder\target\classes started by Margad-Erdene in E:\Development\eclipse-workspace\burger-builder)
2019-04-28 19:47:19,421 DEBUG org.springframework.boot.StartupInfoLogger [restartedMain] Running with Spring Boot v2.1.3.RELEASE, Spring v5.1.5.RELEASE
2019-04-28 19:47:19,425 INFO org.springframework.boot.SpringApplication [restartedMain] No active profile set, falling back to default profiles: default
2019-04-28 19:47:38,323 DEBUG org.springframework.web.filter.GenericFilterBean [restartedMain] Filter 'jwtAuthenticationFilter' configured for use
2019-04-28 19:47:43,320 INFO org.springframework.boot.StartupInfoLogger [restartedMain] Started BurgerBuilderApplication in 25.423 seconds (JVM running for 28.111)
2019-04-28 19:47:52,260 INFO com.burger.controller.UserController [http-nio-8443-exec-2] Register Request User(id=null, username=margad@gmail.com, firstname=margad-erdene, password=Golomt123, confirmPassword=Golomt123, createdAt=null, updatedAt=null, order=[], roles=null)
2019-04-28 19:47:58,219 INFO com.burger.controller.UserController [http-nio-8443-exec-3] Login Request LoginRequest(username=margad@gmail.com, password=Golomt123)
2019-04-28 19:52:28,396 INFO org.springframework.boot.StartupInfoLogger [restartedMain] Starting BurgerBuilderApplication on Margad with PID 4092 (E:\Development\eclipse-workspace\burger-builder\target\classes started by Margad-Erdene in E:\Development\eclipse-workspace\burger-builder)
2019-04-28 19:52:28,406 DEBUG org.springframework.boot.StartupInfoLogger [restartedMain] Running with Spring Boot v2.1.3.RELEASE, Spring v5.1.5.RELEASE
2019-04-28 19:52:28,408 INFO org.springframework.boot.SpringApplication [restartedMain] No active profile set, falling back to default profiles: default
2019-04-28 19:52:46,178 DEBUG org.springframework.web.filter.GenericFilterBean [restartedMain] Filter 'jwtAuthenticationFilter' configured for use
2019-04-28 19:52:50,114 INFO org.springframework.boot.StartupInfoLogger [restartedMain] Started BurgerBuilderApplication in 22.82 seconds (JVM running for 25.791)
2019-04-28 19:52:57,433 INFO com.burger.controller.UserController [http-nio-8443-exec-2] Register Request User(id=null, username=margad@gmail.com, firstname=margad-erdene, password=Golomt123, confirmPassword=Golomt123, createdAt=null, updatedAt=null, order=[], roles=null)
2019-04-28 19:53:01,848 INFO com.burger.controller.UserController [http-nio-8443-exec-8] Login Request LoginRequest(username=margad@gmail.com, password=Golomt123)
2019-04-28 20:00:01,981 INFO org.springframework.boot.StartupInfoLogger [restartedMain] Starting BurgerBuilderApplication on Margad with PID 5136 (E:\Development\eclipse-workspace\burger-builder\target\classes started by Margad-Erdene in E:\Development\eclipse-workspace\burger-builder)
2019-04-28 20:00:01,989 DEBUG org.springframework.boot.StartupInfoLogger [restartedMain] Running with Spring Boot v2.1.3.RELEASE, Spring v5.1.5.RELEASE
2019-04-28 20:00:01,997 INFO org.springframework.boot.SpringApplication [restartedMain] No active profile set, falling back to default profiles: default
2019-04-28 20:00:13,443 DEBUG org.springframework.web.filter.GenericFilterBean [restartedMain] Filter 'jwtAuthenticationFilter' configured for use
2019-04-28 20:00:16,417 INFO org.springframework.boot.StartupInfoLogger [restartedMain] Started BurgerBuilderApplication in 15.249 seconds (JVM running for 17.327)
2019-04-28 20:00:29,937 INFO com.burger.controller.UserController [http-nio-8443-exec-1] Register Request User(id=null, username=margad@gmail.com, firstname=margad-erdene, password=Golomt123, confirmPassword=Golomt123, createdAt=null, updatedAt=null, order=[], roles=null)
2019-04-28 20:00:38,325 INFO com.burger.controller.UserController [http-nio-8443-exec-3] Login Request LoginRequest(username=margad@gmail.com, password=Golomt123)
2019-04-28 20:10:05,232 INFO org.springframework.boot.StartupInfoLogger [restartedMain] Starting BurgerBuilderApplication on Margad with PID 4552 (E:\Development\eclipse-workspace\burger-builder\target\classes started by Margad-Erdene in E:\Development\eclipse-workspace\burger-builder)
2019-04-28 20:10:05,242 DEBUG org.springframework.boot.StartupInfoLogger [restartedMain] Running with Spring Boot v2.1.3.RELEASE, Spring v5.1.5.RELEASE
2019-04-28 20:10:05,244 INFO org.springframework.boot.SpringApplication [restartedMain] No active profile set, falling back to default profiles: default
2019-04-28 20:10:59,944 INFO org.springframework.boot.StartupInfoLogger [restartedMain] Starting BurgerBuilderApplication on Margad with PID 5868 (E:\Development\eclipse-workspace\burger-builder\target\classes started by Margad-Erdene in E:\Development\eclipse-workspace\burger-builder)
2019-04-28 20:10:59,960 DEBUG org.springframework.boot.StartupInfoLogger [restartedMain] Running with Spring Boot v2.1.3.RELEASE, Spring v5.1.5.RELEASE
2019-04-28 20:10:59,963 INFO org.springframework.boot.SpringApplication [restartedMain] No active profile set, falling back to default profiles: default
2019-04-28 20:11:18,351 DEBUG org.springframework.web.filter.GenericFilterBean [restartedMain] Filter 'jwtAuthenticationFilter' configured for use
2019-04-28 20:11:23,350 INFO org.springframework.boot.StartupInfoLogger [restartedMain] Started BurgerBuilderApplication in 24.918 seconds (JVM running for 27.605)
2019-04-28 20:11:30,216 INFO com.burger.controller.UserController [http-nio-8443-exec-1] Register Request User(id=null, username=margad@gmail.com, firstname=margad-erdene, password=Golomt123, confirmPassword=Golomt123, createdAt=null, updatedAt=null, order=[], roles=null)
2019-04-28 20:11:34,085 INFO com.burger.controller.UserController [http-nio-8443-exec-3] Login Request LoginRequest(username=margad@gmail.com, password=Golomt123)
2019-04-28 20:14:21,712 INFO org.springframework.boot.StartupInfoLogger [restartedMain] Starting BurgerBuilderApplication on Margad with PID 4316 (E:\Development\eclipse-workspace\burger-builder\target\classes started by Margad-Erdene in E:\Development\eclipse-workspace\burger-builder)
2019-04-28 20:14:21,726 DEBUG org.springframework.boot.StartupInfoLogger [restartedMain] Running with Spring Boot v2.1.3.RELEASE, Spring v5.1.5.RELEASE
2019-04-28 20:14:21,731 INFO org.springframework.boot.SpringApplication [restartedMain] No active profile set, falling back to default profiles: default
2019-04-28 20:14:37,765 DEBUG org.springframework.web.filter.GenericFilterBean [restartedMain] Filter 'jwtAuthenticationFilter' configured for use
2019-04-28 20:14:41,687 INFO org.springframework.boot.StartupInfoLogger [restartedMain] Started BurgerBuilderApplication in 21.613 seconds (JVM running for 24.321)
2019-04-28 20:14:48,232 INFO com.burger.controller.UserController [http-nio-8443-exec-2] Register Request User(id=null, username=margad@gmail.com, firstname=margad-erdene, password=Golomt123, confirmPassword=Golomt123, createdAt=null, updatedAt=null, order=[], roles=null)
2019-04-28 20:14:51,580 INFO com.burger.controller.UserController [http-nio-8443-exec-3] Login Request LoginRequest(username=margad@gmail.com, password=Golomt123)
2019-04-28 20:15:44,945 INFO org.springframework.boot.StartupInfoLogger [restartedMain] Starting BurgerBuilderApplication on Margad with PID 4316 (E:\Development\eclipse-workspace\burger-builder\target\classes started by Margad-Erdene in E:\Development\eclipse-workspace\burger-builder)
2019-04-28 20:15:44,946 DEBUG org.springframework.boot.StartupInfoLogger [restartedMain] Running with Spring Boot v2.1.3.RELEASE, Spring v5.1.5.RELEASE
2019-04-28 20:15:44,948 INFO org.springframework.boot.SpringApplication [restartedMain] No active profile set, falling back to default profiles: default
2019-04-28 20:16:08,089 INFO org.springframework.boot.StartupInfoLogger [restartedMain] Starting BurgerBuilderApplication on Margad with PID 4928 (E:\Development\eclipse-workspace\burger-builder\target\classes started by Margad-Erdene in E:\Development\eclipse-workspace\burger-builder)
2019-04-28 20:16:08,108 DEBUG org.springframework.boot.StartupInfoLogger [restartedMain] Running with Spring Boot v2.1.3.RELEASE, Spring v5.1.5.RELEASE
2019-04-28 20:16:08,110 INFO org.springframework.boot.SpringApplication [restartedMain] No active profile set, falling back to default profiles: default
2019-04-28 20:16:25,175 DEBUG org.springframework.web.filter.GenericFilterBean [restartedMain] Filter 'jwtAuthenticationFilter' configured for use
2019-04-28 20:16:30,106 INFO org.springframework.boot.StartupInfoLogger [restartedMain] Started BurgerBuilderApplication in 23.019 seconds (JVM running for 25.244)
2019-04-28 20:16:36,786 INFO com.burger.controller.UserController [http-nio-8443-exec-1] Register Request User(id=null, username=margad@gmail.com, firstname=margad-erdene, password=Golomt123, confirmPassword=Golomt123, createdAt=null, updatedAt=null, order=[], roles=null)
2019-04-28 20:16:43,905 INFO com.burger.controller.UserController [http-nio-8443-exec-3] Login Request LoginRequest(username=margad@gmail.com, password=Golomt123)
2019-04-28 20:19:17,053 INFO org.springframework.boot.StartupInfoLogger [restartedMain] Starting BurgerBuilderApplication on Margad with PID 6008 (E:\Development\eclipse-workspace\burger-builder\target\classes started by Margad-Erdene in E:\Development\eclipse-workspace\burger-builder)
2019-04-28 20:19:17,074 DEBUG org.springframework.boot.StartupInfoLogger [restartedMain] Running with Spring Boot v2.1.3.RELEASE, Spring v5.1.5.RELEASE
2019-04-28 20:19:17,076 INFO org.springframework.boot.SpringApplication [restartedMain] No active profile set, falling back to default profiles: default
2019-04-28 20:19:34,518 DEBUG org.springframework.web.filter.GenericFilterBean [restartedMain] Filter 'jwtAuthenticationFilter' configured for use
2019-04-28 20:19:37,868 INFO org.springframework.boot.StartupInfoLogger [restartedMain] Started BurgerBuilderApplication in 21.765 seconds (JVM running for 24.463)
2019-04-28 20:19:45,747 INFO com.burger.controller.UserController [http-nio-8443-exec-2] Register Request User(id=null, username=margad@gmail.com, firstname=margad-erdene, password=Golomt123, confirmPassword=Golomt123, createdAt=null, updatedAt=null, order=[], roles=null)
2019-04-28 20:19:50,600 INFO com.burger.controller.UserController [http-nio-8443-exec-3] Login Request LoginRequest(username=margad@gmail.com, password=Golomt123)
