2019-04-25 12:47:20,131 INFO org.springframework.boot.StartupInfoLogger [restartedMain] Starting BurgerBuilderApplication on Margad with PID 804 (E:\Development\eclipse-workspace\burger-builder\target\classes started by Margad-Erdene in E:\Development\eclipse-workspace\burger-builder)
2019-04-25 12:47:20,143 DEBUG org.springframework.boot.StartupInfoLogger [restartedMain] Running with Spring Boot v2.1.3.RELEASE, Spring v5.1.5.RELEASE
2019-04-25 12:47:20,146 INFO org.springframework.boot.SpringApplication [restartedMain] No active profile set, falling back to default profiles: default
2019-04-25 12:47:32,626 DEBUG org.springframework.web.filter.GenericFilterBean [restartedMain] Filter 'jwtAuthenticationFilter' configured for use
2019-04-25 12:47:35,847 INFO org.springframework.boot.StartupInfoLogger [restartedMain] Started BurgerBuilderApplication in 17.004 seconds (JVM running for 19.336)
2019-04-25 12:47:59,359 INFO com.burger.controller.IngredientController [http-nio-8443-exec-1] Logger IngredientController.class class com.burger.controller.IngredientController
2019-04-25 13:07:23,725 INFO org.springframework.boot.StartupInfoLogger [restartedMain] Starting BurgerBuilderApplication on Margad with PID 280 (E:\Development\eclipse-workspace\burger-builder\target\classes started by Margad-Erdene in E:\Development\eclipse-workspace\burger-builder)
2019-04-25 13:07:23,729 DEBUG org.springframework.boot.StartupInfoLogger [restartedMain] Running with Spring Boot v2.1.3.RELEASE, Spring v5.1.5.RELEASE
2019-04-25 13:07:23,731 INFO org.springframework.boot.SpringApplication [restartedMain] No active profile set, falling back to default profiles: default
2019-04-25 13:07:28,461 DEBUG org.springframework.web.filter.GenericFilterBean [restartedMain] Filter 'jwtAuthenticationFilter' configured for use
2019-04-25 13:07:30,144 INFO org.springframework.boot.StartupInfoLogger [restartedMain] Started BurgerBuilderApplication in 6.553 seconds (JVM running for 74.889)
2019-04-25 13:07:34,092 INFO com.burger.controller.IngredientController [http-nio-8443-exec-1] Logger IngredientController.class class com.burger.controller.IngredientController
2019-04-25 13:07:42,916 INFO com.burger.controller.IngredientController [http-nio-8443-exec-3] Logger IngredientController.class class com.burger.controller.IngredientController
2019-04-25 13:08:03,439 INFO com.burger.controller.IngredientController [http-nio-8443-exec-6] Logger IngredientController.class class com.burger.controller.IngredientController
2019-04-25 13:08:46,056 INFO org.springframework.boot.StartupInfoLogger [restartedMain] Starting BurgerBuilderApplication on Margad with PID 4224 (E:\Development\eclipse-workspace\burger-builder\target\classes started by Margad-Erdene in E:\Development\eclipse-workspace\burger-builder)
2019-04-25 13:08:46,065 DEBUG org.springframework.boot.StartupInfoLogger [restartedMain] Running with Spring Boot v2.1.3.RELEASE, Spring v5.1.5.RELEASE
2019-04-25 13:08:46,068 INFO org.springframework.boot.SpringApplication [restartedMain] No active profile set, falling back to default profiles: default
2019-04-25 13:09:00,989 DEBUG org.springframework.web.filter.GenericFilterBean [restartedMain] Filter 'jwtAuthenticationFilter' configured for use
2019-04-25 13:09:04,117 INFO org.springframework.boot.StartupInfoLogger [restartedMain] Started BurgerBuilderApplication in 19.586 seconds (JVM running for 23.031)
2019-04-25 13:09:07,740 INFO com.burger.controller.IngredientController [http-nio-8443-exec-1] Logger IngredientController.class class com.burger.controller.IngredientController
2019-04-25 13:09:17,929 INFO com.burger.controller.IngredientController [http-nio-8443-exec-4] Logger IngredientController.class class com.burger.controller.IngredientController
2019-04-25 13:09:27,732 INFO com.burger.controller.IngredientController [http-nio-8443-exec-6] Logger IngredientController.class class com.burger.controller.IngredientController
2019-04-25 13:09:27,941 INFO com.burger.controller.IngredientController [http-nio-8443-exec-9] Logger IngredientController.class class com.burger.controller.IngredientController
2019-04-25 13:09:28,106 INFO com.burger.controller.IngredientController [http-nio-8443-exec-1] Logger IngredientController.class class com.burger.controller.IngredientController
2019-04-25 13:09:28,238 INFO com.burger.controller.IngredientController [http-nio-8443-exec-3] Logger IngredientController.class class com.burger.controller.IngredientController
2019-04-25 13:10:42,317 INFO org.springframework.boot.StartupInfoLogger [restartedMain] Starting BurgerBuilderApplication on Margad with PID 5724 (E:\Development\eclipse-workspace\burger-builder\target\classes started by Margad-Erdene in E:\Development\eclipse-workspace\burger-builder)
2019-04-25 13:10:42,328 DEBUG org.springframework.boot.StartupInfoLogger [restartedMain] Running with Spring Boot v2.1.3.RELEASE, Spring v5.1.5.RELEASE
2019-04-25 13:10:42,331 INFO org.springframework.boot.SpringApplication [restartedMain] No active profile set, falling back to default profiles: default
2019-04-25 13:10:55,475 DEBUG org.springframework.web.filter.GenericFilterBean [restartedMain] Filter 'jwtAuthenticationFilter' configured for use
2019-04-25 13:10:58,848 INFO org.springframework.boot.StartupInfoLogger [restartedMain] Started BurgerBuilderApplication in 17.794 seconds (JVM running for 19.958)
2019-04-25 13:11:21,716 INFO com.burger.controller.IngredientController [http-nio-8443-exec-1] Logger IngredientController.class class com.burger.controller.IngredientController
2019-04-25 13:17:22,316 INFO org.springframework.boot.StartupInfoLogger [restartedMain] Starting BurgerBuilderApplication on Margad with PID 3632 (E:\Development\eclipse-workspace\burger-builder\target\classes started by Margad-Erdene in E:\Development\eclipse-workspace\burger-builder)
2019-04-25 13:17:22,367 DEBUG org.springframework.boot.StartupInfoLogger [restartedMain] Running with Spring Boot v2.1.3.RELEASE, Spring v5.1.5.RELEASE
2019-04-25 13:17:22,369 INFO org.springframework.boot.SpringApplication [restartedMain] No active profile set, falling back to default profiles: default
2019-04-25 13:17:34,108 DEBUG org.springframework.web.filter.GenericFilterBean [restartedMain] Filter 'jwtAuthenticationFilter' configured for use
2019-04-25 13:17:37,083 INFO org.springframework.boot.StartupInfoLogger [restartedMain] Started BurgerBuilderApplication in 15.945 seconds (JVM running for 18.784)
2019-04-25 13:20:22,811 INFO org.springframework.boot.StartupInfoLogger [restartedMain] Starting BurgerBuilderApplication on Margad with PID 3632 (E:\Development\eclipse-workspace\burger-builder\target\classes started by Margad-Erdene in E:\Development\eclipse-workspace\burger-builder)
2019-04-25 13:20:22,812 DEBUG org.springframework.boot.StartupInfoLogger [restartedMain] Running with Spring Boot v2.1.3.RELEASE, Spring v5.1.5.RELEASE
2019-04-25 13:20:22,814 INFO org.springframework.boot.SpringApplication [restartedMain] No active profile set, falling back to default profiles: default
2019-04-25 13:20:27,492 DEBUG org.springframework.web.filter.GenericFilterBean [restartedMain] Filter 'jwtAuthenticationFilter' configured for use
2019-04-25 13:20:29,278 INFO org.springframework.boot.StartupInfoLogger [restartedMain] Started BurgerBuilderApplication in 6.799 seconds (JVM running for 190.979)
2019-04-25 13:20:39,383 INFO org.springframework.boot.StartupInfoLogger [restartedMain] Starting BurgerBuilderApplication on Margad with PID 3632 (E:\Development\eclipse-workspace\burger-builder\target\classes started by Margad-Erdene in E:\Development\eclipse-workspace\burger-builder)
2019-04-25 13:20:39,384 DEBUG org.springframework.boot.StartupInfoLogger [restartedMain] Running with Spring Boot v2.1.3.RELEASE, Spring v5.1.5.RELEASE
2019-04-25 13:20:39,385 INFO org.springframework.boot.SpringApplication [restartedMain] No active profile set, falling back to default profiles: default
2019-04-25 13:20:43,808 DEBUG org.springframework.web.filter.GenericFilterBean [restartedMain] Filter 'jwtAuthenticationFilter' configured for use
2019-04-25 13:20:45,429 INFO org.springframework.boot.StartupInfoLogger [restartedMain] Started BurgerBuilderApplication in 6.198 seconds (JVM running for 207.13)
2019-04-25 13:21:02,614 INFO org.springframework.boot.StartupInfoLogger [restartedMain] Starting BurgerBuilderApplication on Margad with PID 3632 (E:\Development\eclipse-workspace\burger-builder\target\classes started by Margad-Erdene in E:\Development\eclipse-workspace\burger-builder)
2019-04-25 13:21:02,615 DEBUG org.springframework.boot.StartupInfoLogger [restartedMain] Running with Spring Boot v2.1.3.RELEASE, Spring v5.1.5.RELEASE
2019-04-25 13:21:02,616 INFO org.springframework.boot.SpringApplication [restartedMain] No active profile set, falling back to default profiles: default
2019-04-25 13:21:07,478 DEBUG org.springframework.web.filter.GenericFilterBean [restartedMain] Filter 'jwtAuthenticationFilter' configured for use
2019-04-25 13:21:09,141 INFO org.springframework.boot.StartupInfoLogger [restartedMain] Started BurgerBuilderApplication in 6.644 seconds (JVM running for 230.842)
2019-04-25 13:22:58,768 INFO org.springframework.boot.StartupInfoLogger [restartedMain] Starting BurgerBuilderApplication on Margad with PID 3632 (E:\Development\eclipse-workspace\burger-builder\target\classes started by Margad-Erdene in E:\Development\eclipse-workspace\burger-builder)
2019-04-25 13:22:58,769 DEBUG org.springframework.boot.StartupInfoLogger [restartedMain] Running with Spring Boot v2.1.3.RELEASE, Spring v5.1.5.RELEASE
2019-04-25 13:22:58,770 INFO org.springframework.boot.SpringApplication [restartedMain] No active profile set, falling back to default profiles: default
2019-04-25 13:23:03,481 DEBUG org.springframework.web.filter.GenericFilterBean [restartedMain] Filter 'jwtAuthenticationFilter' configured for use
2019-04-25 13:23:05,234 INFO org.springframework.boot.StartupInfoLogger [restartedMain] Started BurgerBuilderApplication in 6.667 seconds (JVM running for 346.936)
2019-04-25 13:23:37,663 INFO org.springframework.boot.StartupInfoLogger [restartedMain] Starting BurgerBuilderApplication on Margad with PID 3632 (E:\Development\eclipse-workspace\burger-builder\target\classes started by Margad-Erdene in E:\Development\eclipse-workspace\burger-builder)
2019-04-25 13:23:37,664 DEBUG org.springframework.boot.StartupInfoLogger [restartedMain] Running with Spring Boot v2.1.3.RELEASE, Spring v5.1.5.RELEASE
2019-04-25 13:23:37,665 INFO org.springframework.boot.SpringApplication [restartedMain] No active profile set, falling back to default profiles: default
2019-04-25 13:23:41,896 DEBUG org.springframework.web.filter.GenericFilterBean [restartedMain] Filter 'jwtAuthenticationFilter' configured for use
2019-04-25 13:23:43,464 INFO org.springframework.boot.StartupInfoLogger [restartedMain] Started BurgerBuilderApplication in 5.936 seconds (JVM running for 385.165)
2019-04-25 13:30:42,720 INFO org.springframework.boot.StartupInfoLogger [restartedMain] Starting BurgerBuilderApplication on Margad with PID 3676 (E:\Development\eclipse-workspace\burger-builder\target\classes started by Margad-Erdene in E:\Development\eclipse-workspace\burger-builder)
2019-04-25 13:30:42,747 DEBUG org.springframework.boot.StartupInfoLogger [restartedMain] Running with Spring Boot v2.1.3.RELEASE, Spring v5.1.5.RELEASE
2019-04-25 13:30:42,750 INFO org.springframework.boot.SpringApplication [restartedMain] No active profile set, falling back to default profiles: default
2019-04-25 13:31:07,961 DEBUG org.springframework.web.filter.GenericFilterBean [restartedMain] Filter 'jwtAuthenticationFilter' configured for use
2019-04-25 13:31:13,495 INFO org.springframework.boot.StartupInfoLogger [restartedMain] Started BurgerBuilderApplication in 35.328 seconds (JVM running for 43.25)
2019-04-25 13:33:53,364 INFO org.springframework.boot.StartupInfoLogger [restartedMain] Starting BurgerBuilderApplication on Margad with PID 3676 (E:\Development\eclipse-workspace\burger-builder\target\classes started by Margad-Erdene in E:\Development\eclipse-workspace\burger-builder)
2019-04-25 13:33:53,365 DEBUG org.springframework.boot.StartupInfoLogger [restartedMain] Running with Spring Boot v2.1.3.RELEASE, Spring v5.1.5.RELEASE
2019-04-25 13:33:53,367 INFO org.springframework.boot.SpringApplication [restartedMain] No active profile set, falling back to default profiles: default
2019-04-25 13:33:58,808 DEBUG org.springframework.web.filter.GenericFilterBean [restartedMain] Filter 'jwtAuthenticationFilter' configured for use
2019-04-25 13:34:00,606 INFO org.springframework.boot.StartupInfoLogger [restartedMain] Started BurgerBuilderApplication in 7.465 seconds (JVM running for 210.361)
2019-04-25 16:00:50,490 INFO org.springframework.boot.StartupInfoLogger [restartedMain] Starting BurgerBuilderApplication on Margad with PID 2756 (E:\Development\eclipse-workspace\burger-builder\target\classes started by Margad-Erdene in E:\Development\eclipse-workspace\burger-builder)
2019-04-25 16:00:50,502 DEBUG org.springframework.boot.StartupInfoLogger [restartedMain] Running with Spring Boot v2.1.3.RELEASE, Spring v5.1.5.RELEASE
2019-04-25 16:00:50,504 INFO org.springframework.boot.SpringApplication [restartedMain] No active profile set, falling back to default profiles: default
2019-04-25 16:01:08,173 DEBUG org.springframework.web.filter.GenericFilterBean [restartedMain] Filter 'jwtAuthenticationFilter' configured for use
2019-04-25 16:01:17,351 INFO org.springframework.boot.StartupInfoLogger [restartedMain] Started BurgerBuilderApplication in 28.103 seconds (JVM running for 30.65)
2019-04-25 16:10:23,888 INFO org.springframework.boot.StartupInfoLogger [restartedMain] Starting BurgerBuilderApplication on Margad with PID 4844 (E:\Development\eclipse-workspace\burger-builder\target\classes started by Margad-Erdene in E:\Development\eclipse-workspace\burger-builder)
2019-04-25 16:10:23,899 DEBUG org.springframework.boot.StartupInfoLogger [restartedMain] Running with Spring Boot v2.1.3.RELEASE, Spring v5.1.5.RELEASE
2019-04-25 16:10:23,902 INFO org.springframework.boot.SpringApplication [restartedMain] No active profile set, falling back to default profiles: default
2019-04-25 16:10:38,157 DEBUG org.springframework.web.filter.GenericFilterBean [restartedMain] Filter 'jwtAuthenticationFilter' configured for use
2019-04-25 16:10:41,536 INFO org.springframework.boot.StartupInfoLogger [restartedMain] Started BurgerBuilderApplication in 18.955 seconds (JVM running for 21.286)
2019-04-25 17:26:49,280 INFO org.springframework.boot.StartupInfoLogger [restartedMain] Starting BurgerBuilderApplication on Margad with PID 7836 (E:\Development\eclipse-workspace\burger-builder\target\classes started by Margad-Erdene in E:\Development\eclipse-workspace\burger-builder)
2019-04-25 17:26:49,302 DEBUG org.springframework.boot.StartupInfoLogger [restartedMain] Running with Spring Boot v2.1.3.RELEASE, Spring v5.1.5.RELEASE
2019-04-25 17:26:49,305 INFO org.springframework.boot.SpringApplication [restartedMain] No active profile set, falling back to default profiles: default
2019-04-25 17:27:05,258 DEBUG org.springframework.web.filter.GenericFilterBean [restartedMain] Filter 'jwtAuthenticationFilter' configured for use
2019-04-25 17:27:09,073 INFO org.springframework.boot.StartupInfoLogger [restartedMain] Started BurgerBuilderApplication in 21.128 seconds (JVM running for 23.595)
2019-04-25 17:43:41,694 INFO org.springframework.boot.StartupInfoLogger [restartedMain] Starting BurgerBuilderApplication on Margad with PID 6980 (E:\Development\eclipse-workspace\burger-builder\target\classes started by Margad-Erdene in E:\Development\eclipse-workspace\burger-builder)
2019-04-25 17:43:41,702 DEBUG org.springframework.boot.StartupInfoLogger [restartedMain] Running with Spring Boot v2.1.3.RELEASE, Spring v5.1.5.RELEASE
2019-04-25 17:43:41,705 INFO org.springframework.boot.SpringApplication [restartedMain] No active profile set, falling back to default profiles: default
2019-04-25 17:43:57,574 DEBUG org.springframework.web.filter.GenericFilterBean [restartedMain] Filter 'jwtAuthenticationFilter' configured for use
2019-04-25 17:44:00,832 INFO org.springframework.boot.StartupInfoLogger [restartedMain] Started BurgerBuilderApplication in 20.612 seconds (JVM running for 24.471)
2019-04-25 17:44:32,873 INFO com.burger.controller.UserController [http-nio-8443-exec-6] RequestBody User User(id=null, username=margad@gmail.com, firstname=margad, password=margad, confirmPassword=margad, createdAt=null, updatedAt=null, order=[], roles=null)
2019-04-25 17:48:07,138 INFO org.springframework.boot.StartupInfoLogger [restartedMain] Starting BurgerBuilderApplication on Margad with PID 6476 (E:\Development\eclipse-workspace\burger-builder\target\classes started by Margad-Erdene in E:\Development\eclipse-workspace\burger-builder)
2019-04-25 17:48:07,155 DEBUG org.springframework.boot.StartupInfoLogger [restartedMain] Running with Spring Boot v2.1.3.RELEASE, Spring v5.1.5.RELEASE
2019-04-25 17:48:07,157 INFO org.springframework.boot.SpringApplication [restartedMain] No active profile set, falling back to default profiles: default
2019-04-25 17:48:19,064 DEBUG org.springframework.web.filter.GenericFilterBean [restartedMain] Filter 'jwtAuthenticationFilter' configured for use
2019-04-25 17:48:22,192 INFO org.springframework.boot.StartupInfoLogger [restartedMain] Started BurgerBuilderApplication in 16.402 seconds (JVM running for 18.953)
2019-04-25 17:49:10,056 INFO com.burger.controller.UserController [http-nio-8443-exec-9] RequestBody User User(id=null, username=margaderdene@gmail.com, firstname=margad-erdene, password=margad123, confirmPassword=margad123, createdAt=null, updatedAt=null, order=[], roles=null)
2019-04-25 17:56:20,155 INFO com.burger.controller.UserController [http-nio-8443-exec-3] RequestBody User User(id=null, username=margaderdene@gmail.com, firstname=, password=margad123, confirmPassword=, createdAt=null, updatedAt=null, order=[], roles=null)
2019-04-25 18:04:46,735 INFO org.springframework.boot.StartupInfoLogger [restartedMain] Starting BurgerBuilderApplication on Margad with PID 6476 (E:\Development\eclipse-workspace\burger-builder\target\classes started by Margad-Erdene in E:\Development\eclipse-workspace\burger-builder)
2019-04-25 18:04:46,736 DEBUG org.springframework.boot.StartupInfoLogger [restartedMain] Running with Spring Boot v2.1.3.RELEASE, Spring v5.1.5.RELEASE
2019-04-25 18:04:46,737 INFO org.springframework.boot.SpringApplication [restartedMain] No active profile set, falling back to default profiles: default
2019-04-25 18:04:53,343 DEBUG org.springframework.web.filter.GenericFilterBean [restartedMain] Filter 'jwtAuthenticationFilter' configured for use
2019-04-25 18:04:54,664 INFO org.springframework.boot.StartupInfoLogger [restartedMain] Started BurgerBuilderApplication in 8.151 seconds (JVM running for 1011.425)
2019-04-25 18:14:13,283 INFO org.springframework.boot.StartupInfoLogger [restartedMain] Starting BurgerBuilderApplication on Margad with PID 4004 (E:\Development\eclipse-workspace\burger-builder\target\classes started by Margad-Erdene in E:\Development\eclipse-workspace\burger-builder)
2019-04-25 18:14:13,291 DEBUG org.springframework.boot.StartupInfoLogger [restartedMain] Running with Spring Boot v2.1.3.RELEASE, Spring v5.1.5.RELEASE
2019-04-25 18:14:13,293 INFO org.springframework.boot.SpringApplication [restartedMain] No active profile set, falling back to default profiles: default
2019-04-25 18:14:28,423 DEBUG org.springframework.web.filter.GenericFilterBean [restartedMain] Filter 'jwtAuthenticationFilter' configured for use
2019-04-25 18:14:30,483 INFO org.springframework.boot.StartupInfoLogger [restartedMain] Started BurgerBuilderApplication in 18.52 seconds (JVM running for 23.809)
2019-04-25 18:26:18,510 INFO com.burger.controller.UserController [http-nio-8443-exec-6] Register Request User(id=null, username=margaderdene@gmail.com, firstname=margad, password=margad123, confirmPassword=margad1, createdAt=null, updatedAt=null, order=[], roles=null)
2019-04-25 18:27:42,335 INFO com.burger.controller.UserController [http-nio-8443-exec-9] Register Request User(id=null, username=margad@gmail.com, firstname=null, password=Golomt123, confirmPassword=Golomt12, createdAt=null, updatedAt=null, order=[], roles=null)
2019-04-25 18:27:55,848 INFO com.burger.controller.UserController [http-nio-8443-exec-3] Register Request User(id=null, username=margad@gmail.com, firstname=margad-erdene, password=Golomt123, confirmPassword=Golomt12, createdAt=null, updatedAt=null, order=[], roles=null)
2019-04-25 18:29:18,455 INFO com.burger.controller.UserController [http-nio-8443-exec-8] Register Request User(id=null, username=margaderdene@gmail.com, firstname=margad, password=margad123, confirmPassword=margad, createdAt=null, updatedAt=null, order=[], roles=null)
2019-04-25 18:30:19,949 INFO org.springframework.boot.StartupInfoLogger [restartedMain] Starting BurgerBuilderApplication on Margad with PID 4004 (E:\Development\eclipse-workspace\burger-builder\target\classes started by Margad-Erdene in E:\Development\eclipse-workspace\burger-builder)
2019-04-25 18:30:19,951 DEBUG org.springframework.boot.StartupInfoLogger [restartedMain] Running with Spring Boot v2.1.3.RELEASE, Spring v5.1.5.RELEASE
2019-04-25 18:30:19,953 INFO org.springframework.boot.SpringApplication [restartedMain] No active profile set, falling back to default profiles: default
2019-04-25 18:30:25,578 DEBUG org.springframework.web.filter.GenericFilterBean [restartedMain] Filter 'jwtAuthenticationFilter' configured for use
2019-04-25 18:30:27,399 INFO org.springframework.boot.StartupInfoLogger [restartedMain] Started BurgerBuilderApplication in 7.756 seconds (JVM running for 980.725)
2019-04-25 18:30:34,345 INFO com.burger.controller.UserController [http-nio-8443-exec-1] Register Request User(id=null, username=margaderdene@gmail.com, firstname=margad, password=margad123, confirmPassword=margad, createdAt=null, updatedAt=null, order=[], roles=null)
2019-04-25 18:30:39,587 INFO com.burger.controller.UserController [http-nio-8443-exec-2] Register Request User(id=null, username=margaderdene@gmail.com, firstname=margad, password=margad123, confirmPassword=margad, createdAt=null, updatedAt=null, order=[], roles=null)
2019-04-25 18:30:58,873 INFO org.springframework.boot.StartupInfoLogger [restartedMain] Starting BurgerBuilderApplication on Margad with PID 4004 (E:\Development\eclipse-workspace\burger-builder\target\classes started by Margad-Erdene in E:\Development\eclipse-workspace\burger-builder)
2019-04-25 18:30:58,875 DEBUG org.springframework.boot.StartupInfoLogger [restartedMain] Running with Spring Boot v2.1.3.RELEASE, Spring v5.1.5.RELEASE
2019-04-25 18:30:58,876 INFO org.springframework.boot.SpringApplication [restartedMain] No active profile set, falling back to default profiles: default
2019-04-25 18:31:04,247 DEBUG org.springframework.web.filter.GenericFilterBean [restartedMain] Filter 'jwtAuthenticationFilter' configured for use
2019-04-25 18:31:06,024 INFO org.springframework.boot.StartupInfoLogger [restartedMain] Started BurgerBuilderApplication in 7.296 seconds (JVM running for 1019.349)
2019-04-25 18:31:49,921 INFO com.burger.controller.UserController [http-nio-8443-exec-5] Register Request User(id=null, username=margad@gmail.com, firstname=marg, password=margad, confirmPassword=maradd, createdAt=null, updatedAt=null, order=[], roles=null)
2019-04-25 18:34:09,160 INFO com.burger.controller.UserController [http-nio-8443-exec-10] Register Request User(id=null, username=margaad@gmail.com, firstname=margad, password=margad, confirmPassword=mmfdfdf, createdAt=null, updatedAt=null, order=[], roles=null)
2019-04-25 18:35:00,184 INFO com.burger.controller.UserController [http-nio-8443-exec-5] Register Request User(id=null, username=margad@gmail.com, firstname=margad, password=fsdkfsjfkd, confirmPassword=dfksjdfsf, createdAt=null, updatedAt=null, order=[], roles=null)
2019-04-25 18:42:51,210 INFO com.burger.controller.UserController [http-nio-8443-exec-6] Register Request User(id=null, username=margad@gmail.com, firstname=margad, password=maefsdfsdf, confirmPassword=dkfjsdlkjfakdff, createdAt=null, updatedAt=null, order=[], roles=null)
2019-04-25 19:26:54,077 INFO org.springframework.boot.StartupInfoLogger [restartedMain] Starting BurgerBuilderApplication on Margad with PID 5304 (E:\Development\eclipse-workspace\burger-builder\target\classes started by Margad-Erdene in E:\Development\eclipse-workspace\burger-builder)
2019-04-25 19:26:54,109 DEBUG org.springframework.boot.StartupInfoLogger [restartedMain] Running with Spring Boot v2.1.3.RELEASE, Spring v5.1.5.RELEASE
2019-04-25 19:26:54,113 INFO org.springframework.boot.SpringApplication [restartedMain] No active profile set, falling back to default profiles: default
2019-04-25 19:27:11,377 DEBUG org.springframework.web.filter.GenericFilterBean [restartedMain] Filter 'jwtAuthenticationFilter' configured for use
2019-04-25 19:27:13,957 INFO org.springframework.boot.StartupInfoLogger [restartedMain] Started BurgerBuilderApplication in 21.344 seconds (JVM running for 24.019)
2019-04-25 19:28:59,813 INFO com.burger.controller.UserController [http-nio-8443-exec-4] Register Request User(id=null, username=margad@gmail.com, firstname=margad, password=margadfsfsd, confirmPassword=sfksdfdff, createdAt=null, updatedAt=null, order=[], roles=null)
2019-04-25 19:34:30,162 INFO com.burger.controller.UserController [http-nio-8443-exec-9] Register Request User(id=null, username=margad@gmail.com, firstname=margad, password=sfsfdfsfsd, confirmPassword=dkfjsdfk, createdAt=null, updatedAt=null, order=[], roles=null)
