2019-04-27 14:52:14,987 INFO org.springframework.boot.StartupInfoLogger [restartedMain] Starting BurgerBuilderApplication on Margad with PID 3048 (E:\Development\eclipse-workspace\burger-builder\target\classes started by Margad-Erdene in E:\Development\eclipse-workspace\burger-builder)
2019-04-27 14:52:15,019 DEBUG org.springframework.boot.StartupInfoLogger [restartedMain] Running with Spring Boot v2.1.3.RELEASE, Spring v5.1.5.RELEASE
2019-04-27 14:52:15,021 INFO org.springframework.boot.SpringApplication [restartedMain] No active profile set, falling back to default profiles: default
2019-04-27 14:52:41,741 DEBUG org.springframework.web.filter.GenericFilterBean [restartedMain] Filter 'jwtAuthenticationFilter' configured for use
2019-04-27 14:52:49,372 INFO org.springframework.boot.StartupInfoLogger [restartedMain] Started BurgerBuilderApplication in 36.594 seconds (JVM running for 40.405)
2019-04-27 15:01:57,419 INFO com.burger.controller.UserController [http-nio-8443-exec-10] Register Request User(id=null, username=margaderdene@gmail.com, firstname=margad, password=margad, confirmPassword=margad, createdAt=null, updatedAt=null, order=[], roles=null)
2019-04-27 15:04:34,306 INFO com.burger.controller.UserController [http-nio-8443-exec-6] Register Request User(id=null, username=margad@gmail.com, firstname=margad, password=margad, confirmPassword=margad, createdAt=null, updatedAt=null, order=[], roles=null)
2019-04-27 15:05:22,756 INFO com.burger.controller.UserController [http-nio-8443-exec-2] Register Request User(id=null, username=margad2@gmail.com, firstname=margad, password=margad, confirmPassword=MARGAD, createdAt=null, updatedAt=null, order=[], roles=null)
2019-04-27 15:05:36,571 INFO com.burger.controller.UserController [http-nio-8443-exec-3] Register Request User(id=null, username=margad2@gmail.com, firstname=margad, password=MARGAD, confirmPassword=MARGAD, createdAt=null, updatedAt=null, order=[], roles=null)
2019-04-27 15:18:31,182 INFO com.burger.controller.UserController [http-nio-8443-exec-1] Register Request User(id=null, username=margad3@gmail.com, firstname=margad, password=margad, confirmPassword=margad, createdAt=null, updatedAt=null, order=[], roles=null)
2019-04-27 15:22:12,256 INFO com.burger.controller.UserController [http-nio-8443-exec-8] Register Request User(id=null, username=margad4@gmail.com, firstname=margad, password=margad, confirmPassword=margad, createdAt=null, updatedAt=null, order=[], roles=null)
2019-04-27 15:23:27,216 INFO com.burger.controller.UserController [http-nio-8443-exec-7] Register Request User(id=null, username=margad8@gmail.com, firstname=margad, password=margad, confirmPassword=margad, createdAt=null, updatedAt=null, order=[], roles=null)
2019-04-27 15:24:37,419 INFO com.burger.controller.UserController [http-nio-8443-exec-3] Register Request User(id=null, username=dorj@gmail.com, firstname=margad, password=margad, confirmPassword=margad, createdAt=null, updatedAt=null, order=[], roles=null)
2019-04-27 15:26:35,203 INFO com.burger.controller.UserController [http-nio-8443-exec-5] Register Request User(id=null, username=nandin@gmail.com, firstname=nandin, password=nandin, confirmPassword=nandin, createdAt=null, updatedAt=null, order=[], roles=null)
2019-04-27 15:31:36,922 INFO com.burger.controller.UserController [http-nio-8443-exec-6] Register Request User(id=null, username=nanraa@gmail.com, firstname=margad, password=margad, confirmPassword=margad, createdAt=null, updatedAt=null, order=[], roles=null)
2019-04-27 15:32:57,006 INFO com.burger.controller.UserController [http-nio-8443-exec-3] Register Request User(id=null, username=n@gmail.com, firstname=margad, password=margad, confirmPassword=margad, createdAt=null, updatedAt=null, order=[], roles=null)
2019-04-27 15:34:01,630 INFO com.burger.controller.UserController [http-nio-8443-exec-10] Register Request User(id=null, username=a@gmail.com, firstname=margad, password=margad, confirmPassword=margad, createdAt=null, updatedAt=null, order=[], roles=null)
2019-04-27 15:34:54,226 INFO com.burger.controller.UserController [http-nio-8443-exec-4] Register Request User(id=null, username=mm@gmail.com, firstname=margad, password=margad, confirmPassword=margad, createdAt=null, updatedAt=null, order=[], roles=null)
2019-04-27 15:38:47,072 INFO org.springframework.boot.StartupInfoLogger [restartedMain] Starting BurgerBuilderApplication on Margad with PID 2416 (E:\Development\eclipse-workspace\burger-builder\target\classes started by Margad-Erdene in E:\Development\eclipse-workspace\burger-builder)
2019-04-27 15:38:47,082 DEBUG org.springframework.boot.StartupInfoLogger [restartedMain] Running with Spring Boot v2.1.3.RELEASE, Spring v5.1.5.RELEASE
2019-04-27 15:38:47,085 INFO org.springframework.boot.SpringApplication [restartedMain] No active profile set, falling back to default profiles: default
2019-04-27 15:39:07,215 DEBUG org.springframework.web.filter.GenericFilterBean [restartedMain] Filter 'jwtAuthenticationFilter' configured for use
2019-04-27 15:39:11,211 INFO org.springframework.boot.StartupInfoLogger [restartedMain] Started BurgerBuilderApplication in 25.439 seconds (JVM running for 28.344)
2019-04-27 15:41:24,549 INFO com.burger.controller.UserController [http-nio-8443-exec-3] Register Request User(id=null, username=margad@gmail.com, firstname=margad, password=margad, confirmPassword=margad, createdAt=null, updatedAt=null, order=[], roles=null)
2019-04-27 16:17:03,064 INFO com.burger.controller.UserController [http-nio-8443-exec-4] Register Request User(id=null, username=margad99@gmail.com, firstname=margad, password=margad, confirmPassword=margad, createdAt=null, updatedAt=null, order=[], roles=null)
2019-04-27 16:21:42,425 INFO com.burger.controller.UserController [http-nio-8443-exec-9] Register Request User(id=null, username=nandia@gmail.com, firstname=margad, password=margad, confirmPassword=margad, createdAt=null, updatedAt=null, order=[], roles=null)
2019-04-27 16:22:43,040 INFO org.springframework.boot.StartupInfoLogger [restartedMain] Starting BurgerBuilderApplication on Margad with PID 2068 (E:\Development\eclipse-workspace\burger-builder\target\classes started by Margad-Erdene in E:\Development\eclipse-workspace\burger-builder)
2019-04-27 16:22:43,047 DEBUG org.springframework.boot.StartupInfoLogger [restartedMain] Running with Spring Boot v2.1.3.RELEASE, Spring v5.1.5.RELEASE
2019-04-27 16:22:43,048 INFO org.springframework.boot.SpringApplication [restartedMain] No active profile set, falling back to default profiles: default
2019-04-27 16:22:52,648 DEBUG org.springframework.web.filter.GenericFilterBean [restartedMain] Filter 'jwtAuthenticationFilter' configured for use
2019-04-27 16:22:55,031 INFO org.springframework.boot.StartupInfoLogger [restartedMain] Started BurgerBuilderApplication in 12.798 seconds (JVM running for 14.771)
2019-04-27 16:23:49,563 INFO com.burger.controller.UserController [http-nio-8443-exec-5] Register Request User(id=null, username=margaderdene@gmail.com, firstname=margad, password=margad, confirmPassword=margad, createdAt=null, updatedAt=null, order=[], roles=null)
2019-04-27 16:23:58,657 INFO com.burger.controller.UserController [http-nio-8443-exec-8] Login Request LoginRequest(username=margaderdene@gmail.com, password=margad)
2019-04-27 16:25:16,753 INFO com.burger.controller.UserController [http-nio-8443-exec-3] Login Request LoginRequest(username=margaderdene@gmail.com, password=margad)
2019-04-27 16:25:52,936 INFO com.burger.controller.UserController [http-nio-8443-exec-10] Login Request LoginRequest(username=margaderdene@gmail.com, password=margad)
2019-04-27 16:27:19,275 INFO com.burger.controller.UserController [http-nio-8443-exec-1] Login Request LoginRequest(username=margaderdene@gmail.com, password=margad)
2019-04-27 16:28:01,295 INFO com.burger.controller.UserController [http-nio-8443-exec-8] Login Request LoginRequest(username=margaderdene@gmail.com, password=margad)
2019-04-27 17:02:53,211 INFO org.springframework.boot.StartupInfoLogger [restartedMain] Starting BurgerBuilderApplication on Margad with PID 4112 (E:\Development\eclipse-workspace\burger-builder\target\classes started by Margad-Erdene in E:\Development\eclipse-workspace\burger-builder)
2019-04-27 17:02:53,249 DEBUG org.springframework.boot.StartupInfoLogger [restartedMain] Running with Spring Boot v2.1.3.RELEASE, Spring v5.1.5.RELEASE
2019-04-27 17:02:53,252 INFO org.springframework.boot.SpringApplication [restartedMain] No active profile set, falling back to default profiles: default
2019-04-27 17:03:06,502 DEBUG org.springframework.web.filter.GenericFilterBean [restartedMain] Filter 'jwtAuthenticationFilter' configured for use
2019-04-27 17:03:10,227 INFO org.springframework.boot.StartupInfoLogger [restartedMain] Started BurgerBuilderApplication in 18.157 seconds (JVM running for 20.684)
2019-04-27 17:10:34,780 INFO org.springframework.boot.StartupInfoLogger [restartedMain] Starting BurgerBuilderApplication on Margad with PID 2760 (E:\Development\eclipse-workspace\burger-builder\target\classes started by Margad-Erdene in E:\Development\eclipse-workspace\burger-builder)
2019-04-27 17:10:34,792 DEBUG org.springframework.boot.StartupInfoLogger [restartedMain] Running with Spring Boot v2.1.3.RELEASE, Spring v5.1.5.RELEASE
2019-04-27 17:10:34,796 INFO org.springframework.boot.SpringApplication [restartedMain] No active profile set, falling back to default profiles: default
2019-04-27 17:10:48,011 DEBUG org.springframework.web.filter.GenericFilterBean [restartedMain] Filter 'jwtAuthenticationFilter' configured for use
2019-04-27 17:10:51,415 INFO org.springframework.boot.StartupInfoLogger [restartedMain] Started BurgerBuilderApplication in 17.908 seconds (JVM running for 20.329)
2019-04-27 17:12:09,348 INFO com.burger.controller.UserController [http-nio-8443-exec-6] Login Request LoginRequest(username=margaderdene@gmail.com, password=margad)
2019-04-27 17:12:24,365 INFO com.burger.controller.UserController [http-nio-8443-exec-9] Register Request User(id=null, username=margaderdene@gmail.com, firstname=margad, password=margad, confirmPassword=margad, createdAt=null, updatedAt=null, order=[], roles=null)
2019-04-27 17:12:29,491 INFO com.burger.controller.UserController [http-nio-8443-exec-2] Login Request LoginRequest(username=margaderdene@gmail.com, password=margad)
2019-04-27 17:13:45,261 INFO com.burger.controller.UserController [http-nio-8443-exec-10] Login Request LoginRequest(username=margaderdene@gmail.com, password=margad)
2019-04-27 17:15:14,252 INFO com.burger.controller.UserController [http-nio-8443-exec-1] Login Request LoginRequest(username=margaderdene@gmail.com, password=margad)
2019-04-27 17:16:47,379 INFO org.springframework.boot.StartupInfoLogger [restartedMain] Starting BurgerBuilderApplication on Margad with PID 2760 (E:\Development\eclipse-workspace\burger-builder\target\classes started by Margad-Erdene in E:\Development\eclipse-workspace\burger-builder)
2019-04-27 17:16:47,381 DEBUG org.springframework.boot.StartupInfoLogger [restartedMain] Running with Spring Boot v2.1.3.RELEASE, Spring v5.1.5.RELEASE
2019-04-27 17:16:47,382 INFO org.springframework.boot.SpringApplication [restartedMain] No active profile set, falling back to default profiles: default
2019-04-27 17:16:53,301 DEBUG org.springframework.web.filter.GenericFilterBean [restartedMain] Filter 'jwtAuthenticationFilter' configured for use
2019-04-27 17:16:55,390 INFO org.springframework.boot.StartupInfoLogger [restartedMain] Started BurgerBuilderApplication in 8.2 seconds (JVM running for 384.302)
2019-04-27 17:17:19,711 INFO com.burger.controller.UserController [http-nio-8443-exec-9] Login Request LoginRequest(username=margaderdene@gmail.com, password=margad)
2019-04-27 17:17:29,396 INFO com.burger.controller.UserController [http-nio-8443-exec-2] Register Request User(id=null, username=margaderdene@gmail.com, firstname=margad, password=margad, confirmPassword=margad, createdAt=null, updatedAt=null, order=[], roles=null)
2019-04-27 17:17:32,165 INFO com.burger.controller.UserController [http-nio-8443-exec-4] Login Request LoginRequest(username=margaderdene@gmail.com, password=margad)
2019-04-27 17:19:01,036 INFO org.springframework.boot.StartupInfoLogger [restartedMain] Starting BurgerBuilderApplication on Margad with PID 2760 (E:\Development\eclipse-workspace\burger-builder\target\classes started by Margad-Erdene in E:\Development\eclipse-workspace\burger-builder)
2019-04-27 17:19:01,037 DEBUG org.springframework.boot.StartupInfoLogger [restartedMain] Running with Spring Boot v2.1.3.RELEASE, Spring v5.1.5.RELEASE
2019-04-27 17:19:01,039 INFO org.springframework.boot.SpringApplication [restartedMain] No active profile set, falling back to default profiles: default
2019-04-27 17:19:06,265 DEBUG org.springframework.web.filter.GenericFilterBean [restartedMain] Filter 'jwtAuthenticationFilter' configured for use
2019-04-27 17:19:08,102 INFO org.springframework.boot.StartupInfoLogger [restartedMain] Started BurgerBuilderApplication in 7.229 seconds (JVM running for 517.016)
2019-04-27 17:20:06,055 INFO com.burger.controller.UserController [http-nio-8443-exec-9] Register Request User(id=null, username=margad@gmail.com, firstname=margad, password=margad, confirmPassword=margad, createdAt=null, updatedAt=null, order=[], roles=null)
2019-04-27 17:20:11,790 INFO com.burger.controller.UserController [http-nio-8443-exec-2] Login Request LoginRequest(username=margad@gmail.com, password=margad)
2019-04-27 17:21:19,342 INFO com.burger.controller.UserController [http-nio-8443-exec-1] Login Request LoginRequest(username=margad@gmail.com, password=margad)
2019-04-27 17:22:44,175 INFO com.burger.controller.UserController [http-nio-8443-exec-1] Login Request LoginRequest(username=margad@gmail.com, password=margad)
2019-04-27 17:41:29,532 INFO com.burger.controller.UserController [http-nio-8443-exec-2] Login Request LoginRequest(username=margaderdene@gmail.com, password=margad)
2019-04-27 17:41:38,976 INFO com.burger.controller.UserController [http-nio-8443-exec-10] Login Request LoginRequest(username=margad@gmail.com, password=margad)
2019-04-27 17:42:45,408 INFO com.burger.controller.UserController [http-nio-8443-exec-2] Login Request LoginRequest(username=margad@gmail.com, password=margad)
2019-04-27 17:43:25,817 INFO com.burger.controller.UserController [http-nio-8443-exec-3] Login Request LoginRequest(username=margad@gmail.com, password=margad)
2019-04-27 17:43:43,011 INFO com.burger.controller.UserController [http-nio-8443-exec-5] Login Request LoginRequest(username=margad@gmail.com, password=margad)
2019-04-27 17:45:07,196 INFO com.burger.controller.UserController [http-nio-8443-exec-6] Login Request LoginRequest(username=margad@gmail.com, password=margad)
2019-04-27 17:45:23,540 INFO com.burger.controller.UserController [http-nio-8443-exec-1] Login Request LoginRequest(username=margad@gmail.com, password=margad)
2019-04-27 17:48:55,719 INFO com.burger.controller.UserController [http-nio-8443-exec-8] Login Request LoginRequest(username=margad@gmail.com, password=margad)
2019-04-27 17:50:40,692 INFO com.burger.controller.UserController [http-nio-8443-exec-4] Login Request LoginRequest(username=margad@gmail.com, password=margad)
2019-04-27 17:52:58,227 INFO org.springframework.boot.StartupInfoLogger [restartedMain] Starting BurgerBuilderApplication on Margad with PID 2760 (E:\Development\eclipse-workspace\burger-builder\target\classes started by Margad-Erdene in E:\Development\eclipse-workspace\burger-builder)
2019-04-27 17:52:58,229 DEBUG org.springframework.boot.StartupInfoLogger [restartedMain] Running with Spring Boot v2.1.3.RELEASE, Spring v5.1.5.RELEASE
2019-04-27 17:52:58,231 INFO org.springframework.boot.SpringApplication [restartedMain] No active profile set, falling back to default profiles: default
2019-04-27 17:53:03,351 DEBUG org.springframework.web.filter.GenericFilterBean [restartedMain] Filter 'jwtAuthenticationFilter' configured for use
2019-04-27 17:53:05,129 INFO org.springframework.boot.StartupInfoLogger [restartedMain] Started BurgerBuilderApplication in 7.076 seconds (JVM running for 2554.042)
2019-04-27 17:53:42,381 INFO com.burger.controller.UserController [http-nio-8443-exec-6] Login Request LoginRequest(username=margad@gmail.com, password=margad)
2019-04-27 17:53:50,277 INFO com.burger.controller.UserController [http-nio-8443-exec-9] Register Request User(id=null, username=margad@gmail.com, firstname=margad, password=margad, confirmPassword=margad, createdAt=null, updatedAt=null, order=[], roles=null)
2019-04-27 17:53:54,522 INFO com.burger.controller.UserController [http-nio-8443-exec-10] Login Request LoginRequest(username=margad@gmail.com, password=margad)
2019-04-27 18:05:34,473 INFO com.burger.controller.UserController [http-nio-8443-exec-9] Login Request LoginRequest(username=margad@gmail.com, password=margad)
2019-04-27 18:13:40,909 INFO com.burger.controller.UserController [http-nio-8443-exec-8] Login Request LoginRequest(username=margad@gmail.com, password=margad)
2019-04-27 18:33:54,691 INFO com.burger.controller.UserController [http-nio-8443-exec-10] Login Request LoginRequest(username=margad@gmail.com, password=margad)
2019-04-27 18:35:33,135 INFO com.burger.controller.UserController [http-nio-8443-exec-9] Login Request LoginRequest(username=margad@gmail.com, password=margad)
2019-04-27 18:53:20,200 INFO org.springframework.boot.StartupInfoLogger [restartedMain] Starting BurgerBuilderApplication on Margad with PID 5052 (E:\Development\eclipse-workspace\burger-builder\target\classes started by Margad-Erdene in E:\Development\eclipse-workspace\burger-builder)
2019-04-27 18:53:20,211 DEBUG org.springframework.boot.StartupInfoLogger [restartedMain] Running with Spring Boot v2.1.3.RELEASE, Spring v5.1.5.RELEASE
2019-04-27 18:53:20,214 INFO org.springframework.boot.SpringApplication [restartedMain] No active profile set, falling back to default profiles: default
2019-04-27 18:53:38,491 DEBUG org.springframework.web.filter.GenericFilterBean [restartedMain] Filter 'jwtAuthenticationFilter' configured for use
2019-04-27 18:53:43,102 INFO org.springframework.boot.StartupInfoLogger [restartedMain] Started BurgerBuilderApplication in 24.284 seconds (JVM running for 26.815)
2019-04-27 18:59:11,059 INFO org.springframework.boot.StartupInfoLogger [restartedMain] Starting BurgerBuilderApplication on Margad with PID 1560 (E:\Development\eclipse-workspace\burger-builder\target\classes started by Margad-Erdene in E:\Development\eclipse-workspace\burger-builder)
2019-04-27 18:59:11,071 DEBUG org.springframework.boot.StartupInfoLogger [restartedMain] Running with Spring Boot v2.1.3.RELEASE, Spring v5.1.5.RELEASE
2019-04-27 18:59:11,074 INFO org.springframework.boot.SpringApplication [restartedMain] No active profile set, falling back to default profiles: default
2019-04-27 18:59:25,367 DEBUG org.springframework.web.filter.GenericFilterBean [restartedMain] Filter 'jwtAuthenticationFilter' configured for use
2019-04-27 18:59:28,330 INFO org.springframework.boot.StartupInfoLogger [restartedMain] Started BurgerBuilderApplication in 18.639 seconds (JVM running for 20.976)
2019-04-27 19:01:02,317 INFO com.burger.controller.UserController [http-nio-8443-exec-3] Register Request User(id=null, username=margad@gmail.com, firstname=margad-erdene, password=Golomt123, confirmPassword=Golomt123, createdAt=null, updatedAt=null, order=[], roles=null)
2019-04-27 19:01:33,196 INFO com.burger.controller.UserController [http-nio-8443-exec-4] Login Request LoginRequest(username=margaderdene@gmail.com, password=Golomt123)
2019-04-27 19:01:46,888 INFO com.burger.controller.UserController [http-nio-8443-exec-5] Login Request LoginRequest(username=margad@gmail.com, password=Golomt123)
2019-04-27 19:04:37,017 INFO org.springframework.boot.StartupInfoLogger [restartedMain] Starting BurgerBuilderApplication on Margad with PID 1432 (E:\Development\eclipse-workspace\burger-builder\target\classes started by Margad-Erdene in E:\Development\eclipse-workspace\burger-builder)
2019-04-27 19:04:37,033 DEBUG org.springframework.boot.StartupInfoLogger [restartedMain] Running with Spring Boot v2.1.3.RELEASE, Spring v5.1.5.RELEASE
2019-04-27 19:04:37,037 INFO org.springframework.boot.SpringApplication [restartedMain] No active profile set, falling back to default profiles: default
2019-04-27 19:04:53,317 DEBUG org.springframework.web.filter.GenericFilterBean [restartedMain] Filter 'jwtAuthenticationFilter' configured for use
2019-04-27 19:04:57,553 INFO org.springframework.boot.StartupInfoLogger [restartedMain] Started BurgerBuilderApplication in 22.173 seconds (JVM running for 26.526)
2019-04-27 19:07:27,864 INFO org.springframework.boot.StartupInfoLogger [restartedMain] Starting BurgerBuilderApplication on Margad with PID 5952 (E:\Development\eclipse-workspace\burger-builder\target\classes started by Margad-Erdene in E:\Development\eclipse-workspace\burger-builder)
2019-04-27 19:07:27,873 DEBUG org.springframework.boot.StartupInfoLogger [restartedMain] Running with Spring Boot v2.1.3.RELEASE, Spring v5.1.5.RELEASE
2019-04-27 19:07:27,874 INFO org.springframework.boot.SpringApplication [restartedMain] No active profile set, falling back to default profiles: default
2019-04-27 19:07:45,221 DEBUG org.springframework.web.filter.GenericFilterBean [restartedMain] Filter 'jwtAuthenticationFilter' configured for use
2019-04-27 19:07:50,526 INFO org.springframework.boot.StartupInfoLogger [restartedMain] Started BurgerBuilderApplication in 24.163 seconds (JVM running for 27.055)
2019-04-27 19:08:03,258 INFO com.burger.controller.UserController [http-nio-8443-exec-2] Register Request User(id=null, username=margad@gmail.com, firstname=margad-erdene, password=Golomt123, confirmPassword=Golomt123, createdAt=null, updatedAt=null, order=[], roles=null)
2019-04-27 19:08:08,460 INFO com.burger.controller.UserController [http-nio-8443-exec-3] Login Request LoginRequest(username=margad@gmail.com, password=Golomt123)
2019-04-27 19:10:13,973 INFO com.burger.controller.UserController [http-nio-8443-exec-10] Login Request LoginRequest(username=margad@gmail.com, password=Golomt123)
2019-04-27 19:23:23,945 INFO com.burger.controller.UserController [http-nio-8443-exec-7] Login Request LoginRequest(username=margad@gmail.com, password=Golomt123)
2019-04-27 19:26:01,379 INFO org.springframework.boot.StartupInfoLogger [restartedMain] Starting BurgerBuilderApplication on Margad with PID 1296 (E:\Development\eclipse-workspace\burger-builder\target\classes started by Margad-Erdene in E:\Development\eclipse-workspace\burger-builder)
2019-04-27 19:26:01,395 DEBUG org.springframework.boot.StartupInfoLogger [restartedMain] Running with Spring Boot v2.1.3.RELEASE, Spring v5.1.5.RELEASE
2019-04-27 19:26:01,398 INFO org.springframework.boot.SpringApplication [restartedMain] No active profile set, falling back to default profiles: default
2019-04-27 19:26:14,251 DEBUG org.springframework.web.filter.GenericFilterBean [restartedMain] Filter 'jwtAuthenticationFilter' configured for use
2019-04-27 19:26:18,713 INFO org.springframework.boot.StartupInfoLogger [restartedMain] Started BurgerBuilderApplication in 18.945 seconds (JVM running for 21.848)
2019-04-27 19:29:15,947 INFO com.burger.controller.UserController [http-nio-8443-exec-2] Register Request User(id=null, username=margad@gmail.com, firstname=margad-erdene, password=Golomt123, confirmPassword=Golomt123, createdAt=null, updatedAt=null, order=[], roles=null)
2019-04-27 19:29:25,205 INFO com.burger.controller.UserController [http-nio-8443-exec-3] Login Request LoginRequest(username=margad@gmail.com, password=Golomt123)
2019-04-27 19:51:45,287 INFO org.springframework.boot.StartupInfoLogger [restartedMain] Starting BurgerBuilderApplication on Margad with PID 5032 (E:\Development\eclipse-workspace\burger-builder\target\classes started by Margad-Erdene in E:\Development\eclipse-workspace\burger-builder)
2019-04-27 19:51:45,303 DEBUG org.springframework.boot.StartupInfoLogger [restartedMain] Running with Spring Boot v2.1.3.RELEASE, Spring v5.1.5.RELEASE
2019-04-27 19:51:45,306 INFO org.springframework.boot.SpringApplication [restartedMain] No active profile set, falling back to default profiles: default
2019-04-27 19:52:02,915 DEBUG org.springframework.web.filter.GenericFilterBean [restartedMain] Filter 'jwtAuthenticationFilter' configured for use
2019-04-27 19:52:07,040 INFO org.springframework.boot.StartupInfoLogger [restartedMain] Started BurgerBuilderApplication in 23.352 seconds (JVM running for 26.105)
2019-04-27 19:52:37,279 INFO com.burger.controller.UserController [http-nio-8443-exec-2] Register Request User(id=null, username=margad@gmail.com, firstname=margad-erdene, password=Golomt123, confirmPassword=Golomt123, createdAt=null, updatedAt=null, order=[], roles=null)
2019-04-27 19:53:07,069 INFO com.burger.controller.UserController [http-nio-8443-exec-3] Login Request LoginRequest(username=margad@gmail.com, password=Golomt123)
2019-04-27 19:56:57,744 INFO org.springframework.boot.StartupInfoLogger [restartedMain] Starting BurgerBuilderApplication on Margad with PID 1288 (E:\Development\eclipse-workspace\burger-builder\target\classes started by Margad-Erdene in E:\Development\eclipse-workspace\burger-builder)
2019-04-27 19:56:57,756 DEBUG org.springframework.boot.StartupInfoLogger [restartedMain] Running with Spring Boot v2.1.3.RELEASE, Spring v5.1.5.RELEASE
2019-04-27 19:56:57,758 INFO org.springframework.boot.SpringApplication [restartedMain] No active profile set, falling back to default profiles: default
2019-04-27 19:57:10,300 DEBUG org.springframework.web.filter.GenericFilterBean [restartedMain] Filter 'jwtAuthenticationFilter' configured for use
2019-04-27 19:57:15,226 INFO org.springframework.boot.StartupInfoLogger [restartedMain] Started BurgerBuilderApplication in 18.671 seconds (JVM running for 21.596)
2019-04-27 19:57:21,734 INFO com.burger.controller.UserController [http-nio-8443-exec-1] Register Request User(id=null, username=margad@gmail.com, firstname=margad-erdene, password=Golomt123, confirmPassword=Golomt123, createdAt=null, updatedAt=null, order=[], roles=null)
2019-04-27 19:57:27,179 INFO com.burger.controller.UserController [http-nio-8443-exec-3] Login Request LoginRequest(username=margad@gmail.com, password=Golomt123)
2019-04-27 21:57:46,972 INFO org.springframework.boot.StartupInfoLogger [restartedMain] Starting BurgerBuilderApplication on Margad with PID 3268 (E:\Development\eclipse-workspace\burger-builder\target\classes started by Margad-Erdene in E:\Development\eclipse-workspace\burger-builder)
2019-04-27 21:57:47,005 DEBUG org.springframework.boot.StartupInfoLogger [restartedMain] Running with Spring Boot v2.1.3.RELEASE, Spring v5.1.5.RELEASE
2019-04-27 21:57:47,011 INFO org.springframework.boot.SpringApplication [restartedMain] No active profile set, falling back to default profiles: default
2019-04-27 21:58:23,245 DEBUG org.springframework.web.filter.GenericFilterBean [restartedMain] Filter 'jwtAuthenticationFilter' configured for use
2019-04-27 21:58:34,916 INFO org.springframework.boot.StartupInfoLogger [restartedMain] Started BurgerBuilderApplication in 49.087 seconds (JVM running for 53.073)
2019-04-27 22:00:27,038 INFO com.burger.controller.UserController [http-nio-8443-exec-6] Register Request User(id=null, username=margad@gmail.com, firstname=margad-erdene, password=Golomt123, confirmPassword=Golomt123, createdAt=null, updatedAt=null, order=[], roles=null)
2019-04-27 22:00:34,611 INFO com.burger.controller.UserController [http-nio-8443-exec-7] Login Request LoginRequest(username=margad@gmail.com, password=Golomt123)
2019-04-27 22:07:59,369 INFO org.springframework.boot.StartupInfoLogger [restartedMain] Starting BurgerBuilderApplication on Margad with PID 3392 (E:\Development\eclipse-workspace\burger-builder\target\classes started by Margad-Erdene in E:\Development\eclipse-workspace\burger-builder)
2019-04-27 22:07:59,384 DEBUG org.springframework.boot.StartupInfoLogger [restartedMain] Running with Spring Boot v2.1.3.RELEASE, Spring v5.1.5.RELEASE
2019-04-27 22:07:59,387 INFO org.springframework.boot.SpringApplication [restartedMain] No active profile set, falling back to default profiles: default
2019-04-27 22:08:16,311 DEBUG org.springframework.web.filter.GenericFilterBean [restartedMain] Filter 'jwtAuthenticationFilter' configured for use
2019-04-27 22:08:21,840 INFO org.springframework.boot.StartupInfoLogger [restartedMain] Started BurgerBuilderApplication in 24.095 seconds (JVM running for 26.957)
2019-04-27 22:09:24,239 INFO org.springframework.boot.StartupInfoLogger [restartedMain] Starting BurgerBuilderApplication on Margad with PID 120 (E:\Development\eclipse-workspace\burger-builder\target\classes started by Margad-Erdene in E:\Development\eclipse-workspace\burger-builder)
2019-04-27 22:09:24,254 DEBUG org.springframework.boot.StartupInfoLogger [restartedMain] Running with Spring Boot v2.1.3.RELEASE, Spring v5.1.5.RELEASE
2019-04-27 22:09:24,257 INFO org.springframework.boot.SpringApplication [restartedMain] No active profile set, falling back to default profiles: default
2019-04-27 22:09:36,922 DEBUG org.springframework.web.filter.GenericFilterBean [restartedMain] Filter 'jwtAuthenticationFilter' configured for use
2019-04-27 22:09:42,283 INFO org.springframework.boot.StartupInfoLogger [restartedMain] Started BurgerBuilderApplication in 19.567 seconds (JVM running for 22.193)
2019-04-27 22:46:08,367 INFO org.springframework.boot.StartupInfoLogger [restartedMain] Starting BurgerBuilderApplication on Margad with PID 2724 (E:\Development\eclipse-workspace\burger-builder\target\classes started by Margad-Erdene in E:\Development\eclipse-workspace\burger-builder)
2019-04-27 22:46:08,380 DEBUG org.springframework.boot.StartupInfoLogger [restartedMain] Running with Spring Boot v2.1.3.RELEASE, Spring v5.1.5.RELEASE
2019-04-27 22:46:08,382 INFO org.springframework.boot.SpringApplication [restartedMain] No active profile set, falling back to default profiles: default
2019-04-27 22:46:21,604 DEBUG org.springframework.web.filter.GenericFilterBean [restartedMain] Filter 'jwtAuthenticationFilter' configured for use
2019-04-27 22:46:26,980 INFO org.springframework.boot.StartupInfoLogger [restartedMain] Started BurgerBuilderApplication in 20.009 seconds (JVM running for 22.813)
2019-04-27 22:46:31,941 INFO com.burger.controller.UserController [http-nio-8443-exec-1] Register Request User(id=null, username=margad@gmail.com, firstname=margad-erdene, password=Golomt123, confirmPassword=Golomt123, createdAt=null, updatedAt=null, order=[], roles=null)
2019-04-27 22:46:36,772 INFO com.burger.controller.UserController [http-nio-8443-exec-3] Login Request LoginRequest(username=margad@gmail.com, password=Golomt123)
2019-04-27 22:48:41,824 INFO org.springframework.boot.StartupInfoLogger [restartedMain] Starting BurgerBuilderApplication on Margad with PID 2748 (E:\Development\eclipse-workspace\burger-builder\target\classes started by Margad-Erdene in E:\Development\eclipse-workspace\burger-builder)
2019-04-27 22:48:41,842 DEBUG org.springframework.boot.StartupInfoLogger [restartedMain] Running with Spring Boot v2.1.3.RELEASE, Spring v5.1.5.RELEASE
2019-04-27 22:48:41,844 INFO org.springframework.boot.SpringApplication [restartedMain] No active profile set, falling back to default profiles: default
2019-04-27 22:48:56,929 DEBUG org.springframework.web.filter.GenericFilterBean [restartedMain] Filter 'jwtAuthenticationFilter' configured for use
2019-04-27 22:49:01,485 INFO org.springframework.boot.StartupInfoLogger [restartedMain] Started BurgerBuilderApplication in 21.106 seconds (JVM running for 23.907)
2019-04-27 22:49:08,113 INFO com.burger.controller.UserController [http-nio-8443-exec-1] Register Request User(id=null, username=margad@gmail.com, firstname=margad-erdene, password=Golomt123, confirmPassword=Golomt123, createdAt=null, updatedAt=null, order=[], roles=null)
2019-04-27 22:49:12,181 INFO com.burger.controller.UserController [http-nio-8443-exec-3] Login Request LoginRequest(username=margad@gmail.com, password=Golomt123)
2019-04-27 22:50:16,439 INFO com.burger.controller.UserController [http-nio-8443-exec-6] Login Request LoginRequest(username=margad@gmail.com, password=Golomt123)
